#
# A fatal error has been detected by the Java Runtime Environment:
#
#  EXCEPTION_ACCESS_VIOLATION (0xc0000005) at pc=0x0000000065577a70, pid=6564, tid=6436
#
# JRE version: Java(TM) SE Runtime Environment (8.0_45-b15) (build 1.8.0_45-b15)
# Java VM: Java HotSpot(TM) 64-Bit Server VM (25.45-b02 mixed mode windows-amd64 compressed oops)
# Problematic frame:
# V  [jvm.dll+0x497a70]
#
# Failed to write core dump. Minidumps are not enabled by default on client versions of Windows
#
# If you would like to submit a bug report, please visit:
#   http://bugreport.java.com/bugreport/crash.jsp
#

---------------  T H R E A D  ---------------

Current thread (0x0000000017408000):  JavaThread "C2 CompilerThread1" daemon [_thread_in_native, id=6436, stack(0x0000000018a70000,0x0000000018b70000)]

siginfo: ExceptionCode=0xc0000005, reading address 0xffffffffffffffff

Registers:
RAX=0x0000000000000000, RBX=0x0000000021de72b0, RCX=0x01000000658e4778, RDX=0x0000000000000000
RSP=0x0000000018b6c540, RBP=0x000000000000000d, RSI=0x0000000000000068, RDI=0x0000000018b6c590
R8 =0x0000000001000000, R9 =0x0000000020732780, R10=0x00000000650e0000, R11=0x0000000018b6c460
R12=0x00000000658e4778, R13=0x00000000650e0000, R14=0x0000000018e5adc8, R15=0x00000000000003d8
RIP=0x0000000065577a70, EFLAGS=0x0000000000010246

Top of Stack: (sp=0x0000000018b6c540)
0x0000000018b6c540:   0000000018b6ece0 0000000021de6c70
0x0000000018b6c550:   fffffffffffffff8 00000000173c6cb0
0x0000000018b6c560:   0000000000001698 0000000065572b3f
0x0000000018b6c570:   0000000021ea3690 0000000021de72b0
0x0000000018b6c580:   0000000000001698 0000000018b6c670
0x0000000018b6c590:   000003b900000000 0000000000000006
0x0000000018b6c5a0:   01000000658e4778 0000000000000004
0x0000000018b6c5b0:   000000001fd81f10 0000000000000042
0x0000000018b6c5c0:   0000000021ea3f50 0000000018b6c960
0x0000000018b6c5d0:   0000000018e5a9f0 0000000018b6c960
0x0000000018b6c5e0:   0000000018e5a9e0 000000006553f901
0x0000000018b6c5f0:   0000000000000000 0000000018b6c6f0
0x0000000018b6c600:   0000000000000000 0000000000000009
0x0000000018b6c610:   0000000000000002 0000000018e5a9e0
0x0000000018b6c620:   000000002072dba0 0000000020732830
0x0000000018b6c630:   0000000020735b88 000000000136fa48 

Instructions: (pc=0x0000000065577a70)
0x0000000065577a50:   48 8b 4f 20 48 39 04 0e 0f 84 9d 00 00 00 48 8b
0x0000000065577a60:   0c 0e 33 d2 33 c0 48 89 4f 10 66 0f 1f 44 00 00
0x0000000065577a70:   83 3c 08 00 0f 85 36 01 00 00 ff c2 48 83 c0 04
0x0000000065577a80:   83 fa 08 72 eb 48 8b 47 30 48 89 44 24 30 48 85 


Register to memory mapping:

RAX=0x0000000000000000 is an unknown value
RBX=0x0000000021de72b0 is an unknown value
RCX=0x01000000658e4778 is an unknown value
RDX=0x0000000000000000 is an unknown value
RSP=0x0000000018b6c540 is pointing into the stack for thread: 0x0000000017408000
RBP=0x000000000000000d is an unknown value
RSI=0x0000000000000068 is an unknown value
RDI=0x0000000018b6c590 is pointing into the stack for thread: 0x0000000017408000
R8 =0x0000000001000000 is an unknown value
R9 =0x0000000020732780 is an unknown value
R10=0x00000000650e0000 is an unknown value
R11=0x0000000018b6c460 is pointing into the stack for thread: 0x0000000017408000
R12=0x00000000658e4778 is an unknown value
R13=0x00000000650e0000 is an unknown value
R14=0x0000000018e5adc8 is an unknown value
R15=0x00000000000003d8 is an unknown value


Stack: [0x0000000018a70000,0x0000000018b70000],  sp=0x0000000018b6c540,  free space=1009k
Native frames: (J=compiled Java code, j=interpreted, Vv=VM code, C=native code)
V  [jvm.dll+0x497a70]
V  [jvm.dll+0x492b3f]
V  [jvm.dll+0x45f901]
V  [jvm.dll+0x46a73b]
V  [jvm.dll+0x46cd52]
V  [jvm.dll+0x4500f2]
V  [jvm.dll+0xa4352]
V  [jvm.dll+0xa4c8f]
V  [jvm.dll+0x241984]
V  [jvm.dll+0x29853a]
C  [msvcr100.dll+0x21d9f]
C  [msvcr100.dll+0x21e3b]
C  [KERNEL32.DLL+0x13d2]
C  [ntdll.dll+0x15454]


Current CompileTask:
C2:   7434 2295   !   4       java.net.URLClassLoader$1::run (63 bytes)


---------------  P R O C E S S  ---------------

Java Threads: ( => current thread )
  0x000000001745e000 JavaThread "Service Thread" daemon [_thread_blocked, id=3920, stack(0x0000000019070000,0x0000000019170000)]
  0x000000001740b800 JavaThread "C1 CompilerThread2" daemon [_thread_blocked, id=3668, stack(0x0000000018b70000,0x0000000018c70000)]
=>0x0000000017408000 JavaThread "C2 CompilerThread1" daemon [_thread_in_native, id=6436, stack(0x0000000018a70000,0x0000000018b70000)]
  0x0000000017401000 JavaThread "C2 CompilerThread0" daemon [_thread_in_native, id=10144, stack(0x0000000018970000,0x0000000018a70000)]
  0x00000000173f8800 JavaThread "Attach Listener" daemon [_thread_blocked, id=3700, stack(0x0000000018870000,0x0000000018970000)]
  0x00000000173f7800 JavaThread "Signal Dispatcher" daemon [_thread_blocked, id=9480, stack(0x0000000018770000,0x0000000018870000)]
  0x00000000028d9800 JavaThread "Finalizer" daemon [_thread_blocked, id=4068, stack(0x0000000018670000,0x0000000018770000)]
  0x00000000028cf000 JavaThread "Reference Handler" daemon [_thread_blocked, id=11092, stack(0x0000000018570000,0x0000000018670000)]
  0x00000000026be800 JavaThread "main" [_thread_in_vm, id=6260, stack(0x00000000026c0000,0x00000000027c0000)]

Other Threads:
  0x00000000173c7800 VMThread [stack: 0x0000000018470000,0x0000000018570000] [id=220]
  0x0000000018c9a000 WatcherThread [stack: 0x0000000019170000,0x0000000019270000] [id=3096]

VM state:not at safepoint (normal execution)

VM Mutex/Monitor currently owned by a thread: None

Heap:
 PSYoungGen      total 77824K, used 27274K [0x00000000d5f80000, 0x00000000db780000, 0x0000000100000000)
  eden space 66560K, 27% used [0x00000000d5f80000,0x00000000d719fcf8,0x00000000da080000)
  from space 11264K, 77% used [0x00000000dac80000,0x00000000db502bf8,0x00000000db780000)
  to   space 11776K, 0% used [0x00000000da080000,0x00000000da080000,0x00000000dac00000)
 ParOldGen       total 87552K, used 16617K [0x0000000081e00000, 0x0000000087380000, 0x00000000d5f80000)
  object space 87552K, 18% used [0x0000000081e00000,0x0000000082e3a578,0x0000000087380000)
 Metaspace       used 38006K, capacity 38452K, committed 38784K, reserved 1081344K
  class space    used 6804K, capacity 6954K, committed 7040K, reserved 1048576K

Card table byte_map: [0x0000000011ca0000,0x00000000120a0000] byte_map_base: 0x0000000011891000

Marking Bits: (ParMarkBitMap*) 0x00000000658e4040
 Begin Bits: [0x0000000012750000, 0x00000000146d8000)
 End Bits:   [0x00000000146d8000, 0x0000000016660000)

Polling page: 0x00000000025f0000

CodeCache: size=245760Kb used=7808Kb max_used=7820Kb free=237951Kb
 bounds [0x00000000028e0000, 0x0000000003090000, 0x00000000118e0000]
 total_blobs=3066 nmethods=2656 adapters=320
 compilation: enabled

Compilation events (10 events):
Event: 7.239 Thread 0x000000001740b800 2458       3       scala.Option$::option2Iterable (5 bytes)
Event: 7.240 Thread 0x000000001740b800 nmethod 2458 0x0000000002fed8d0 code [0x0000000002feda80, 0x0000000002fedfa8]
Event: 7.240 Thread 0x000000001740b800 2459       3       sbt.BasicAttributeMap::get (11 bytes)
Event: 7.240 Thread 0x000000001740b800 nmethod 2459 0x0000000002fee190 code [0x0000000002fee300, 0x0000000002fee528]
Event: 7.240 Thread 0x000000001740b800 2460       3       scala.collection.immutable.Map$EmptyMap$::get (4 bytes)
Event: 7.240 Thread 0x000000001740b800 nmethod 2460 0x0000000002fee610 code [0x0000000002fee760, 0x0000000002fee8b0]
Event: 7.242 Thread 0x000000001740b800 2461       1       scala.Tuple3::_2 (5 bytes)
Event: 7.243 Thread 0x000000001740b800 nmethod 2461 0x0000000002fee950 code [0x0000000002feeaa0, 0x0000000002feebb0]
Event: 7.261 Thread 0x000000001740b800 2462       1       sbt.Configuration::extendsConfigs (5 bytes)
Event: 7.261 Thread 0x000000001740b800 nmethod 2462 0x0000000002feec10 code [0x0000000002feed60, 0x0000000002feee70]

GC Heap History (10 events):
Event: 2.397 GC heap before
{Heap before GC invocations=2 (full 0):
 PSYoungGen      total 38400K, used 38396K [0x00000000d5f80000, 0x00000000d8a00000, 0x0000000100000000)
  eden space 33280K, 100% used [0x00000000d5f80000,0x00000000d8000000,0x00000000d8000000)
  from space 5120K, 99% used [0x00000000d8000000,0x00000000d84ff0c0,0x00000000d8500000)
  to   space 5120K, 0% used [0x00000000d8500000,0x00000000d8500000,0x00000000d8a00000)
 ParOldGen       total 87552K, used 641K [0x0000000081e00000, 0x0000000087380000, 0x00000000d5f80000)
  object space 87552K, 0% used [0x0000000081e00000,0x0000000081ea0418,0x0000000087380000)
 Metaspace       used 16208K, capacity 16524K, committed 16768K, reserved 1062912K
  class space    used 2734K, capacity 2868K, committed 2944K, reserved 1048576K
Event: 2.405 GC heap after
Heap after GC invocations=2 (full 0):
 PSYoungGen      total 38400K, used 5100K [0x00000000d5f80000, 0x00000000d8a00000, 0x0000000100000000)
  eden space 33280K, 0% used [0x00000000d5f80000,0x00000000d5f80000,0x00000000d8000000)
  from space 5120K, 99% used [0x00000000d8500000,0x00000000d89fb070,0x00000000d8a00000)
  to   space 5120K, 0% used [0x00000000d8000000,0x00000000d8000000,0x00000000d8500000)
 ParOldGen       total 87552K, used 3346K [0x0000000081e00000, 0x0000000087380000, 0x00000000d5f80000)
  object space 87552K, 3% used [0x0000000081e00000,0x00000000821449a8,0x0000000087380000)
 Metaspace       used 16208K, capacity 16524K, committed 16768K, reserved 1062912K
  class space    used 2734K, capacity 2868K, committed 2944K, reserved 1048576K
}
Event: 3.683 GC heap before
{Heap before GC invocations=3 (full 0):
 PSYoungGen      total 38400K, used 38380K [0x00000000d5f80000, 0x00000000d8a00000, 0x0000000100000000)
  eden space 33280K, 100% used [0x00000000d5f80000,0x00000000d8000000,0x00000000d8000000)
  from space 5120K, 99% used [0x00000000d8500000,0x00000000d89fb070,0x00000000d8a00000)
  to   space 5120K, 0% used [0x00000000d8000000,0x00000000d8000000,0x00000000d8500000)
 ParOldGen       total 87552K, used 3346K [0x0000000081e00000, 0x0000000087380000, 0x00000000d5f80000)
  object space 87552K, 3% used [0x0000000081e00000,0x00000000821449a8,0x0000000087380000)
 Metaspace       used 22543K, capacity 22974K, committed 23168K, reserved 1069056K
  class space    used 3830K, capacity 3930K, committed 3968K, reserved 1048576K
Event: 3.693 GC heap after
Heap after GC invocations=3 (full 0):
 PSYoungGen      total 38400K, used 5115K [0x00000000d5f80000, 0x00000000d8a00000, 0x0000000100000000)
  eden space 33280K, 0% used [0x00000000d5f80000,0x00000000d5f80000,0x00000000d8000000)
  from space 5120K, 99% used [0x00000000d8000000,0x00000000d84fec28,0x00000000d8500000)
  to   space 5120K, 0% used [0x00000000d8500000,0x00000000d8500000,0x00000000d8a00000)
 ParOldGen       total 87552K, used 6969K [0x0000000081e00000, 0x0000000087380000, 0x00000000d5f80000)
  object space 87552K, 7% used [0x0000000081e00000,0x00000000824ce7b0,0x0000000087380000)
 Metaspace       used 22543K, capacity 22974K, committed 23168K, reserved 1069056K
  class space    used 3830K, capacity 3930K, committed 3968K, reserved 1048576K
}
Event: 4.724 GC heap before
{Heap before GC invocations=4 (full 0):
 PSYoungGen      total 38400K, used 38395K [0x00000000d5f80000, 0x00000000d8a00000, 0x0000000100000000)
  eden space 33280K, 100% used [0x00000000d5f80000,0x00000000d8000000,0x00000000d8000000)
  from space 5120K, 99% used [0x00000000d8000000,0x00000000d84fec28,0x00000000d8500000)
  to   space 5120K, 0% used [0x00000000d8500000,0x00000000d8500000,0x00000000d8a00000)
 ParOldGen       total 87552K, used 6969K [0x0000000081e00000, 0x0000000087380000, 0x00000000d5f80000)
  object space 87552K, 7% used [0x0000000081e00000,0x00000000824ce7b0,0x0000000087380000)
 Metaspace       used 27429K, capacity 27850K, committed 28032K, reserved 1073152K
  class space    used 4811K, capacity 4956K, committed 4992K, reserved 1048576K
Event: 4.734 GC heap after
Heap after GC invocations=4 (full 0):
 PSYoungGen      total 38400K, used 5101K [0x00000000d5f80000, 0x00000000d8a00000, 0x0000000100000000)
  eden space 33280K, 0% used [0x00000000d5f80000,0x00000000d5f80000,0x00000000d8000000)
  from space 5120K, 99% used [0x00000000d8500000,0x00000000d89fb568,0x00000000d8a00000)
  to   space 5120K, 0% used [0x00000000d8000000,0x00000000d8000000,0x00000000d8500000)
 ParOldGen       total 87552K, used 11392K [0x0000000081e00000, 0x0000000087380000, 0x00000000d5f80000)
  object space 87552K, 13% used [0x0000000081e00000,0x0000000082920120,0x0000000087380000)
 Metaspace       used 27429K, capacity 27850K, committed 28032K, reserved 1073152K
  class space    used 4811K, capacity 4956K, committed 4992K, reserved 1048576K
}
Event: 5.828 GC heap before
{Heap before GC invocations=5 (full 0):
 PSYoungGen      total 38400K, used 38381K [0x00000000d5f80000, 0x00000000d8a00000, 0x0000000100000000)
  eden space 33280K, 100% used [0x00000000d5f80000,0x00000000d8000000,0x00000000d8000000)
  from space 5120K, 99% used [0x00000000d8500000,0x00000000d89fb568,0x00000000d8a00000)
  to   space 5120K, 0% used [0x00000000d8000000,0x00000000d8000000,0x00000000d8500000)
 ParOldGen       total 87552K, used 11392K [0x0000000081e00000, 0x0000000087380000, 0x00000000d5f80000)
  object space 87552K, 13% used [0x0000000081e00000,0x0000000082920120,0x0000000087380000)
 Metaspace       used 32843K, capacity 33226K, committed 33408K, reserved 1077248K
  class space    used 5541K, capacity 5660K, committed 5760K, reserved 1048576K
Event: 5.851 GC heap after
Heap after GC invocations=5 (full 0):
 PSYoungGen      total 38400K, used 5111K [0x00000000d5f80000, 0x00000000db880000, 0x0000000100000000)
  eden space 33280K, 0% used [0x00000000d5f80000,0x00000000d5f80000,0x00000000d8000000)
  from space 5120K, 99% used [0x00000000d8000000,0x00000000d84fdc38,0x00000000d8500000)
  to   space 12288K, 0% used [0x00000000dac80000,0x00000000dac80000,0x00000000db880000)
 ParOldGen       total 87552K, used 16609K [0x0000000081e00000, 0x0000000087380000, 0x00000000d5f80000)
  object space 87552K, 18% used [0x0000000081e00000,0x0000000082e38578,0x0000000087380000)
 Metaspace       used 32843K, capacity 33226K, committed 33408K, reserved 1077248K
  class space    used 5541K, capacity 5660K, committed 5760K, reserved 1048576K
}
Event: 6.929 GC heap before
{Heap before GC invocations=6 (full 0):
 PSYoungGen      total 38400K, used 38391K [0x00000000d5f80000, 0x00000000db880000, 0x0000000100000000)
  eden space 33280K, 100% used [0x00000000d5f80000,0x00000000d8000000,0x00000000d8000000)
  from space 5120K, 99% used [0x00000000d8000000,0x00000000d84fdc38,0x00000000d8500000)
  to   space 12288K, 0% used [0x00000000dac80000,0x00000000dac80000,0x00000000db880000)
 ParOldGen       total 87552K, used 16609K [0x0000000081e00000, 0x0000000087380000, 0x00000000d5f80000)
  object space 87552K, 18% used [0x0000000081e00000,0x0000000082e38578,0x0000000087380000)
 Metaspace       used 36299K, capacity 36788K, committed 36992K, reserved 1079296K
  class space    used 6281K, capacity 6442K, committed 6528K, reserved 1048576K
Event: 6.959 GC heap after
Heap after GC invocations=6 (full 0):
 PSYoungGen      total 77824K, used 8714K [0x00000000d5f80000, 0x00000000db780000, 0x0000000100000000)
  eden space 66560K, 0% used [0x00000000d5f80000,0x00000000d5f80000,0x00000000da080000)
  from space 11264K, 77% used [0x00000000dac80000,0x00000000db502bf8,0x00000000db780000)
  to   space 11776K, 0% used [0x00000000da080000,0x00000000da080000,0x00000000dac00000)
 ParOldGen       total 87552K, used 16617K [0x0000000081e00000, 0x0000000087380000, 0x00000000d5f80000)
  object space 87552K, 18% used [0x0000000081e00000,0x0000000082e3a578,0x0000000087380000)
 Metaspace       used 36299K, capacity 36788K, committed 36992K, reserved 1079296K
  class space    used 6281K, capacity 6442K, committed 6528K, reserved 1048576K
}

Deoptimization events (10 events):
Event: 5.912 Thread 0x00000000026be800 Uncommon trap: reason=class_check action=maybe_recompile pc=0x0000000002aac270 method=sun.misc.URLClassPath.getLoader(I)Lsun/misc/URLClassPath$Loader; @ 94
Event: 5.912 Thread 0x00000000026be800 Uncommon trap: reason=unstable_if action=reinterpret pc=0x0000000002ee6ae4 method=java.lang.String.regionMatches(ZILjava/lang/String;II)Z @ 41
Event: 5.998 Thread 0x00000000026be800 Uncommon trap: reason=class_check action=maybe_recompile pc=0x0000000002aac270 method=sun.misc.URLClassPath.getLoader(I)Lsun/misc/URLClassPath$Loader; @ 94
Event: 6.058 Thread 0x00000000026be800 Uncommon trap: reason=class_check action=maybe_recompile pc=0x0000000002aac270 method=sun.misc.URLClassPath.getLoader(I)Lsun/misc/URLClassPath$Loader; @ 94
Event: 6.068 Thread 0x00000000026be800 Uncommon trap: reason=class_check action=maybe_recompile pc=0x0000000002aac270 method=sun.misc.URLClassPath.getLoader(I)Lsun/misc/URLClassPath$Loader; @ 94
Event: 6.079 Thread 0x00000000026be800 Uncommon trap: reason=class_check action=maybe_recompile pc=0x0000000002aaa6c0 method=sun.misc.URLClassPath.getLoader(I)Lsun/misc/URLClassPath$Loader; @ 94
Event: 7.207 Thread 0x00000000026be800 Uncommon trap: reason=class_check action=maybe_recompile pc=0x0000000002f944ec method=scala.runtime.ScalaRunTime$.array_update(Ljava/lang/Object;ILjava/lang/Object;)V @ 8
Event: 7.207 Thread 0x00000000026be800 Uncommon trap: reason=class_check action=maybe_recompile pc=0x0000000002f944ec method=scala.runtime.ScalaRunTime$.array_update(Ljava/lang/Object;ILjava/lang/Object;)V @ 8
Event: 7.207 Thread 0x00000000026be800 Uncommon trap: reason=class_check action=maybe_recompile pc=0x0000000002f944ec method=scala.runtime.ScalaRunTime$.array_update(Ljava/lang/Object;ILjava/lang/Object;)V @ 8
Event: 7.207 Thread 0x00000000026be800 Uncommon trap: reason=class_check action=maybe_recompile pc=0x0000000002f944ec method=scala.runtime.ScalaRunTime$.array_update(Ljava/lang/Object;ILjava/lang/Object;)V @ 8

Internal exceptions (10 events):
Event: 4.150 Thread 0x00000000026be800 Exception <a 'java/lang/ClassNotFoundException': scala/reflect/ScalaSignature> (0x00000000d66f71e8) thrown at [C:\re\workspace\8-2-build-windows-amd64-cygwin\jdk8u45\3627\hotspot\src\share\vm\classfile\systemDictionary.cpp, line 210]
Event: 4.150 Thread 0x00000000026be800 Exception <a 'java/lang/ClassNotFoundException': scala/reflect/ScalaLongSignature> (0x00000000d66f7900) thrown at [C:\re\workspace\8-2-build-windows-amd64-cygwin\jdk8u45\3627\hotspot\src\share\vm\classfile\systemDictionary.cpp, line 210]
Event: 4.154 Thread 0x00000000026be800 Exception <a 'java/lang/ClassNotFoundException': scala/reflect/ScalaSignature> (0x00000000d6706d98) thrown at [C:\re\workspace\8-2-build-windows-amd64-cygwin\jdk8u45\3627\hotspot\src\share\vm\classfile\systemDictionary.cpp, line 210]
Event: 4.155 Thread 0x00000000026be800 Exception <a 'java/lang/ClassNotFoundException': scala/reflect/ScalaLongSignature> (0x00000000d6707320) thrown at [C:\re\workspace\8-2-build-windows-amd64-cygwin\jdk8u45\3627\hotspot\src\share\vm\classfile\systemDictionary.cpp, line 210]
Event: 4.156 Thread 0x00000000026be800 Exception <a 'java/lang/ArrayIndexOutOfBoundsException'> (0x00000000d670c1c0) thrown at [C:\re\workspace\8-2-build-windows-amd64-cygwin\jdk8u45\3627\hotspot\src\share\vm\runtime\sharedRuntime.cpp, line 605]
Event: 4.923 Thread 0x00000000026be800 Exception <a 'java/lang/ArrayIndexOutOfBoundsException'> (0x00000000d6410210) thrown at [C:\re\workspace\8-2-build-windows-amd64-cygwin\jdk8u45\3627\hotspot\src\share\vm\runtime\sharedRuntime.cpp, line 605]
Event: 4.975 Thread 0x00000000026be800 Exception <a 'java/lang/ArrayIndexOutOfBoundsException'> (0x00000000d651e3c8) thrown at [C:\re\workspace\8-2-build-windows-amd64-cygwin\jdk8u45\3627\hotspot\src\share\vm\runtime\sharedRuntime.cpp, line 605]
Event: 4.989 Thread 0x00000000026be800 Exception <a 'java/lang/ArrayIndexOutOfBoundsException'> (0x00000000d6554168) thrown at [C:\re\workspace\8-2-build-windows-amd64-cygwin\jdk8u45\3627\hotspot\src\share\vm\runtime\sharedRuntime.cpp, line 605]
Event: 6.596 Thread 0x00000000026be800 Exception <a 'java/lang/ClassNotFoundException': java/net> (0x00000000d71b7008) thrown at [C:\re\workspace\8-2-build-windows-amd64-cygwin\jdk8u45\3627\hotspot\src\share\vm\classfile\systemDictionary.cpp, line 210]
Event: 6.597 Thread 0x00000000026be800 Exception <a 'java/lang/ClassNotFoundException': java/net/package> (0x00000000d71b7e60) thrown at [C:\re\workspace\8-2-build-windows-amd64-cygwin\jdk8u45\3627\hotspot\src\share\vm\classfile\systemDictionary.cpp, line 210]

Events (10 events):
Event: 7.264 loading class sbt/BuildUtil$$anonfun$sbt$BuildUtil$$deps$1$1$$anonfun$apply$4
Event: 7.264 loading class sbt/BuildUtil$$anonfun$sbt$BuildUtil$$deps$1$1$$anonfun$apply$4 done
Event: 7.264 loading class sbt/BuildUtil$$anonfun$checkCycles$2$$anonfun$apply$5$$anonfun$apply$8
Event: 7.264 loading class sbt/BuildUtil$$anonfun$checkCycles$2$$anonfun$apply$5$$anonfun$apply$8 done
Event: 7.265 loading class sbt/BuildUtil$$anonfun$checkCycles$2$$anonfun$apply$5$$anonfun$apply$9
Event: 7.265 loading class sbt/BuildUtil$$anonfun$checkCycles$2$$anonfun$apply$5$$anonfun$apply$9 done
Event: 7.266 loading class sbt/Scope$$anonfun$resolveProject$1
Event: 7.266 loading class sbt/Scope$$anonfun$resolveProject$1 done
Event: 7.266 loading class sbt/Load$$anonfun$getBuild$1
Event: 7.266 loading class sbt/Load$$anonfun$getBuild$1 done


Dynamic libraries:
0x00007ff677ff0000 - 0x00007ff678027000 	C:\Program Files\Java\jdk1.8.0_45\bin\java.exe
0x00007fffc5ff0000 - 0x00007fffc619c000 	C:\WINDOWS\SYSTEM32\ntdll.dll
0x00007fffc3ce0000 - 0x00007fffc3e1e000 	C:\WINDOWS\system32\KERNEL32.DLL
0x00007fffc3460000 - 0x00007fffc3575000 	C:\WINDOWS\system32\KERNELBASE.dll
0x00007fffc1850000 - 0x00007fffc18de000 	C:\WINDOWS\system32\apphelp.dll
0x00007ffface50000 - 0x00007fffacea3000 	C:\WINDOWS\AppPatch\AppPatch64\AcGenral.DLL
0x00007fffc4030000 - 0x00007fffc40da000 	C:\WINDOWS\system32\msvcrt.dll
0x00007fffc2c70000 - 0x00007fffc2c9e000 	C:\WINDOWS\SYSTEM32\SspiCli.dll
0x00007fffc45b0000 - 0x00007fffc4604000 	C:\WINDOWS\system32\SHLWAPI.dll
0x00007fffc3680000 - 0x00007fffc37f7000 	C:\WINDOWS\system32\USER32.dll
0x00007fffc3860000 - 0x00007fffc39f4000 	C:\WINDOWS\system32\ole32.dll
0x00007fffc4a60000 - 0x00007fffc5f79000 	C:\WINDOWS\system32\SHELL32.dll
0x00007fffc2290000 - 0x00007fffc22b1000 	C:\WINDOWS\SYSTEM32\USERENV.dll
0x00007fffc3e20000 - 0x00007fffc3eca000 	C:\WINDOWS\system32\ADVAPI32.dll
0x00007fffb2b70000 - 0x00007fffb2b8e000 	C:\WINDOWS\SYSTEM32\MPR.dll
0x00007fffc41c0000 - 0x00007fffc4301000 	C:\WINDOWS\system32\RPCRT4.dll
0x00007fffc3800000 - 0x00007fffc3859000 	C:\WINDOWS\SYSTEM32\sechost.dll
0x00007fffc4770000 - 0x00007fffc4981000 	C:\WINDOWS\SYSTEM32\combase.dll
0x00007fffc4620000 - 0x00007fffc4770000 	C:\WINDOWS\system32\GDI32.dll
0x00007fffc3150000 - 0x00007fffc3165000 	C:\WINDOWS\SYSTEM32\profapi.dll
0x00007fffc2980000 - 0x00007fffc2a32000 	C:\WINDOWS\SYSTEM32\SHCORE.dll
0x00007fffc3c30000 - 0x00007fffc3c66000 	C:\WINDOWS\system32\IMM32.DLL
0x00007fffc3ed0000 - 0x00007fffc4022000 	C:\WINDOWS\system32\MSCTF.dll
0x00007fffc2d10000 - 0x00007fffc2f8a000 	C:\WINDOWS\WinSxS\amd64_microsoft.windows.common-controls_6595b64144ccf1df_6.0.9600.17810_none_6240b9c7ecbd0bda\COMCTL32.dll
0x0000000065970000 - 0x0000000065a42000 	C:\Program Files\Java\jdk1.8.0_45\jre\bin\msvcr100.dll
0x00000000650e0000 - 0x0000000065963000 	C:\Program Files\Java\jdk1.8.0_45\jre\bin\server\jvm.dll
0x00007fffbb7f0000 - 0x00007fffbb7f9000 	C:\WINDOWS\SYSTEM32\WSOCK32.dll
0x00007fffc0130000 - 0x00007fffc0152000 	C:\WINDOWS\SYSTEM32\WINMM.dll
0x00007fffc0160000 - 0x00007fffc016a000 	C:\WINDOWS\SYSTEM32\VERSION.dll
0x00007fffc41b0000 - 0x00007fffc41b7000 	C:\WINDOWS\system32\PSAPI.DLL
0x00007fffc3bd0000 - 0x00007fffc3c2a000 	C:\WINDOWS\system32\WS2_32.dll
0x00007fffc00f0000 - 0x00007fffc011a000 	C:\WINDOWS\SYSTEM32\WINMMBASE.dll
0x00007fffc4990000 - 0x00007fffc4999000 	C:\WINDOWS\system32\NSI.dll
0x00007fffc3630000 - 0x00007fffc367f000 	C:\WINDOWS\SYSTEM32\cfgmgr32.dll
0x00007fffc1ab0000 - 0x00007fffc1ad8000 	C:\WINDOWS\SYSTEM32\DEVOBJ.dll
0x00000000669e0000 - 0x00000000669ef000 	C:\Program Files\Java\jdk1.8.0_45\jre\bin\verify.dll
0x00000000650b0000 - 0x00000000650d9000 	C:\Program Files\Java\jdk1.8.0_45\jre\bin\java.dll
0x0000000065090000 - 0x00000000650a6000 	C:\Program Files\Java\jdk1.8.0_45\jre\bin\zip.dll
0x0000000065070000 - 0x000000006508a000 	C:\Program Files\Java\jdk1.8.0_45\jre\bin\net.dll
0x00007fffc2500000 - 0x00007fffc2559000 	C:\WINDOWS\system32\mswsock.dll
0x0000000065050000 - 0x0000000065061000 	C:\Program Files\Java\jdk1.8.0_45\jre\bin\nio.dll
0x00007fffc2560000 - 0x00007fffc2580000 	C:\WINDOWS\SYSTEM32\CRYPTSP.dll
0x00007fffc2180000 - 0x00007fffc21b6000 	C:\WINDOWS\system32\rsaenh.dll
0x00007fffc2810000 - 0x00007fffc2836000 	C:\WINDOWS\SYSTEM32\bcrypt.dll
0x00007fffc3020000 - 0x00007fffc3083000 	C:\WINDOWS\system32\bcryptprimitives.dll
0x00007fffc3090000 - 0x00007fffc309b000 	C:\WINDOWS\SYSTEM32\CRYPTBASE.dll
0x00007fffbd200000 - 0x00007fffbd22a000 	C:\WINDOWS\SYSTEM32\IPHLPAPI.DLL
0x00007fffbd1e0000 - 0x00007fffbd1ea000 	C:\WINDOWS\SYSTEM32\WINNSI.DLL
0x00007fffbd0e0000 - 0x00007fffbd0f6000 	C:\WINDOWS\SYSTEM32\dhcpcsvc6.DLL
0x00007fffbcbe0000 - 0x00007fffbcbfa000 	C:\WINDOWS\SYSTEM32\dhcpcsvc.DLL
0x00007fffc1080000 - 0x00007fffc108a000 	C:\Users\Anup_sust\AppData\Local\Temp\jansi-64-1-9187184099360448500.11
0x00007fffba570000 - 0x00007fffba6f9000 	C:\WINDOWS\SYSTEM32\dbghelp.dll

VM Arguments:
jvm_args: -XX:MetaspaceSize=64M -XX:MaxMetaspaceSize=256M -Dactivator.home=//F:/Projects/University%20Inventory%20Management%20System/invMgmntSys 
java_command: F:\Projects\University Inventory Management System\invMgmntSys\activator-launch-1.3.5.jar run
java_class_path (initial): F:\Projects\University Inventory Management System\invMgmntSys\activator-launch-1.3.5.jar
Launcher Type: SUN_STANDARD

Environment Variables:
JAVA_HOME=C:\Program Files\Java\jdk1.8.0_45
PATH=C:\Program Files\Java\jdk1.8.0_45\bin;C:\ProgramData\Oracle\Java\javapath;C:\Program Files (x86)\NVIDIA Corporation\PhysX\Common;C:\Program Files (x86)\Intel\iCLS Client\;C:\Program Files\Intel\iCLS Client\;C:\Program Files\Broadcom\Broadcom 802.11 Network Adapter;C:\WINDOWS\system32;C:\WINDOWS;C:\WINDOWS\System32\Wbem;C:\WINDOWS\System32\WindowsPowerShell\v1.0\;C:\Program Files\Intel\Intel(R) Management Engine Components\DAL;C:\Program Files\Intel\Intel(R) Management Engine Components\IPT;C:\Program Files (x86)\Intel\Intel(R) Management Engine Components\DAL;C:\Program Files (x86)\Intel\Intel(R) Management Engine Components\IPT;C:\Program Files\WIDCOMM\Bluetooth Software\;C:\Program Files\WIDCOMM\Bluetooth Software\syswow64;C:\Program Files (x86)\Intel\OpenCL SDK\2.0\bin\x86;C:\Program Files (x86)\Intel\OpenCL SDK\2.0\bin\x64;C:\Program Files\Sony\VAIO Improvement;C:\Program Files (x86)\Sony\VAIO BIOS Data Transfer Utility\;C:\Program Files (x86)\Sony\VAIO Startup Setting Tool;C:\Program Files\Microsoft\Web Platform Installer\;C:\Program Files (x86)\Microsoft ASP.NET\ASP.NET Web Pages\v1.0\;C:\Program Files (x86)\Windows Kits\8.0\Windows Performance Toolkit\;C:\Program Files\Microsoft SQL Server\110\Tools\Binn\;C:\Program Files\nodejs\;C:\Program Files (x86)\Git\cmd;C:\Program Files (x86)\Git\bin;C:\Program Files\Java\jdk1.8.0_45\bin;C:\Program Files (x86)\scala-2.11.0-M4;C:\Program Files (x86)\activator-1.3.5-minimal;C:\Program Files (x86)\scala\bin;C:\Program Files (x86)\sbt\\bin;C:\Program Files\MongoDB\Server\3.0\bin;C:\Program Files (x86)\Microsoft SQL Server\100\Tools\Binn\;C:\Program Files (x86)\Microsoft SQL Server\100\DTS\Binn\;C:\Program Files\TortoiseGit\bin;C:\Program Files (x86)\Skype\Phone\;C:\Program Files (x86)\Calibre2\;C:\Ruby200-x64\bin;C:\Users\Anup_sust\AppData\Roaming\npm
USERNAME=Anup_sust
OS=Windows_NT
PROCESSOR_IDENTIFIER=Intel64 Family 6 Model 58 Stepping 9, GenuineIntel



---------------  S Y S T E M  ---------------

OS: Windows 8.1 , 64 bit Build 9600 (6.3.9600.17415)

CPU:total 4 (2 cores per cpu, 2 threads per core) family 6 model 58 stepping 9, cmov, cx8, fxsr, mmx, sse, sse2, sse3, ssse3, sse4.1, sse4.2, popcnt, avx, aes, clmul, erms, ht, tsc, tscinvbit, tscinv

Memory: 4k page, physical 8264500k(3055560k free), swap 16653108k(9708832k free)

vm_info: Java HotSpot(TM) 64-Bit Server VM (25.45-b02) for windows-amd64 JRE (1.8.0_45-b15), built on Apr 30 2015 12:40:44 by "java_re" with MS VC++ 10.0 (VS2010)

time: Tue Mar 08 00:15:54 2016
elapsed time: 7 seconds (0d 0h 0m 7s)

