#
# A fatal error has been detected by the Java Runtime Environment:
#
#  EXCEPTION_ACCESS_VIOLATION (0xc0000005) at pc=0x0000000073187a70, pid=2396, tid=4344
#
# JRE version: Java(TM) SE Runtime Environment (8.0_45-b15) (build 1.8.0_45-b15)
# Java VM: Java HotSpot(TM) 64-Bit Server VM (25.45-b02 mixed mode windows-amd64 compressed oops)
# Problematic frame:
# V  [jvm.dll+0x497a70]
#
# Failed to write core dump. Minidumps are not enabled by default on client versions of Windows
#
# If you would like to submit a bug report, please visit:
#   http://bugreport.java.com/bugreport/crash.jsp
#

---------------  T H R E A D  ---------------

Current thread (0x0000000014845000):  JavaThread "C2 CompilerThread1" daemon [_thread_in_native, id=4344, stack(0x0000000015ea0000,0x0000000015fa0000)]

siginfo: ExceptionCode=0xc0000005, reading address 0xffffffffffffffff

Registers:
RAX=0x0000000000000000, RBX=0x0000000000000000, RCX=0x01000000734f4778, RDX=0x0000000000000000
RSP=0x0000000015f9c170, RBP=0x000000000000002b, RSI=0x0000000000000158, RDI=0x0000000015f9c1c0
R8 =0x0000000000000000, R9 =0x0000000000001ede, R10=0x0000000072cf0000, R11=0x0000000015f9c090
R12=0x0000000000035360, R13=0x000000000000079a, R14=0x0000000072cf0000, R15=0x00000000000003d8
RIP=0x0000000073187a70, EFLAGS=0x0000000000010246

Top of Stack: (sp=0x0000000015f9c170)
0x0000000015f9c170:   0000000015f9e910 000000001f1d4130
0x0000000015f9c180:   fffffffffffffff8 0000000014807090
0x0000000015f9c190:   0000000000000001 0000000073183345
0x0000000015f9c1a0:   000000001f26db50 0000000000000000
0x0000000015f9c1b0:   0000000015f9c2a0 0000000000000004
0x0000000015f9c1c0:   00001ee300000000 0000000000000007
0x0000000015f9c1d0:   01000000734f4778 000000000000001f
0x0000000015f9c1e0:   000000001bc7ce20 000000000000003f
0x0000000015f9c1f0:   000000001f0d5090 0000000015f9c590
0x0000000015f9c200:   0000000014848ef8 0000000014848b20
0x0000000015f9c210:   0000000015f9c320 000000007314f90a
0x0000000015f9c220:   0000000000000000 0000000014848b10
0x0000000015f9c230:   0000000015f9c590 0000000000000000
0x0000000015f9c240:   0000000000000002 0000000014848b10
0x0000000015f9c250:   0000000018141ed0 00000000181491a0
0x0000000015f9c260:   0000000018149eb8 0000000001285290 

Instructions: (pc=0x0000000073187a70)
0x0000000073187a50:   48 8b 4f 20 48 39 04 0e 0f 84 9d 00 00 00 48 8b
0x0000000073187a60:   0c 0e 33 d2 33 c0 48 89 4f 10 66 0f 1f 44 00 00
0x0000000073187a70:   83 3c 08 00 0f 85 36 01 00 00 ff c2 48 83 c0 04
0x0000000073187a80:   83 fa 08 72 eb 48 8b 47 30 48 89 44 24 30 48 85 


Register to memory mapping:

RAX=0x0000000000000000 is an unknown value
RBX=0x0000000000000000 is an unknown value
RCX=0x01000000734f4778 is an unknown value
RDX=0x0000000000000000 is an unknown value
RSP=0x0000000015f9c170 is pointing into the stack for thread: 0x0000000014845000
RBP=0x000000000000002b is an unknown value
RSI=0x0000000000000158 is an unknown value
RDI=0x0000000015f9c1c0 is pointing into the stack for thread: 0x0000000014845000
R8 =0x0000000000000000 is an unknown value
R9 =0x0000000000001ede is an unknown value
R10=0x0000000072cf0000 is an unknown value
R11=0x0000000015f9c090 is pointing into the stack for thread: 0x0000000014845000
R12=0x0000000000035360 is an unknown value
R13=0x000000000000079a is an unknown value
R14=0x0000000072cf0000 is an unknown value
R15=0x00000000000003d8 is an unknown value


Stack: [0x0000000015ea0000,0x0000000015fa0000],  sp=0x0000000015f9c170,  free space=1008k
Native frames: (J=compiled Java code, j=interpreted, Vv=VM code, C=native code)
V  [jvm.dll+0x497a70]
V  [jvm.dll+0x493345]
V  [jvm.dll+0x45f90a]
V  [jvm.dll+0x46a73b]
V  [jvm.dll+0x46cd52]
V  [jvm.dll+0x4500f2]
V  [jvm.dll+0xa4352]
V  [jvm.dll+0xa4c8f]
V  [jvm.dll+0x241984]
V  [jvm.dll+0x29853a]
C  [msvcr100.dll+0x21d9f]
C  [msvcr100.dll+0x21e3b]
C  [KERNEL32.DLL+0x13d2]
C  [ntdll.dll+0x15444]


Current CompileTask:
C2:   6045 2206   !   4       java.net.URLClassLoader$1::run (63 bytes)


---------------  P R O C E S S  ---------------

Java Threads: ( => current thread )
  0x000000001489d800 JavaThread "Service Thread" daemon [_thread_blocked, id=32, stack(0x00000000164a0000,0x00000000165a0000)]
  0x000000001484a000 JavaThread "C1 CompilerThread2" daemon [_thread_blocked, id=3452, stack(0x0000000015fa0000,0x00000000160a0000)]
=>0x0000000014845000 JavaThread "C2 CompilerThread1" daemon [_thread_in_native, id=4344, stack(0x0000000015ea0000,0x0000000015fa0000)]
  0x000000001483d000 JavaThread "C2 CompilerThread0" daemon [_thread_in_native, id=9524, stack(0x0000000015da0000,0x0000000015ea0000)]
  0x0000000014838800 JavaThread "Attach Listener" daemon [_thread_blocked, id=8928, stack(0x0000000015ca0000,0x0000000015da0000)]
  0x0000000014837000 JavaThread "Signal Dispatcher" daemon [_thread_blocked, id=4804, stack(0x0000000015ba0000,0x0000000015ca0000)]
  0x0000000002ac8000 JavaThread "Finalizer" daemon [_thread_blocked, id=4548, stack(0x0000000015aa0000,0x0000000015ba0000)]
  0x0000000002abf000 JavaThread "Reference Handler" daemon [_thread_blocked, id=3456, stack(0x00000000159a0000,0x0000000015aa0000)]
  0x00000000029d2800 JavaThread "main" [_thread_in_vm, id=9256, stack(0x00000000028d0000,0x00000000029d0000)]

Other Threads:
  0x0000000014807800 VMThread [stack: 0x00000000158a0000,0x00000000159a0000] [id=5340]
  0x00000000160d2800 WatcherThread [stack: 0x00000000165a0000,0x00000000166a0000] [id=7128]

VM state:not at safepoint (normal execution)

VM Mutex/Monitor currently owned by a thread: None

Heap:
 PSYoungGen      total 71680K, used 14419K [0x00000000f0000000, 0x00000000f5380000, 0x0000000100000000)
  eden space 66560K, 13% used [0x00000000f0000000,0x00000000f0918828,0x00000000f4100000)
  from space 5120K, 99% used [0x00000000f4100000,0x00000000f45fc7c0,0x00000000f4600000)
  to   space 8704K, 0% used [0x00000000f4b00000,0x00000000f4b00000,0x00000000f5380000)
 ParOldGen       total 61952K, used 10296K [0x00000000d0000000, 0x00000000d3c80000, 0x00000000f0000000)
  object space 61952K, 16% used [0x00000000d0000000,0x00000000d0a0e370,0x00000000d3c80000)
 Metaspace       used 32565K, capacity 32892K, committed 33024K, reserved 1077248K
  class space    used 5547K, capacity 5626K, committed 5632K, reserved 1048576K

Card table byte_map: [0x0000000011e90000,0x0000000012020000] byte_map_base: 0x0000000011810000

Marking Bits: (ParMarkBitMap*) 0x00000000734f4040
 Begin Bits: [0x0000000012520000, 0x0000000013120000)
 End Bits:   [0x0000000013120000, 0x0000000013d20000)

Polling page: 0x0000000002750000

CodeCache: size=245760Kb used=7283Kb max_used=7283Kb free=238477Kb
 bounds [0x0000000002ad0000, 0x00000000031f0000, 0x0000000011ad0000]
 total_blobs=2723 nmethods=2320 adapters=314
 compilation: enabled

Compilation events (10 events):
Event: 5.901 Thread 0x000000001484a000 2312       3       java.lang.reflect.Modifier::isPublic (12 bytes)
Event: 5.902 Thread 0x000000001484a000 nmethod 2312 0x00000000031e5e50 code [0x00000000031e5fa0, 0x00000000031e6130]
Event: 5.903 Thread 0x000000001484a000 2313       3       sun.reflect.annotation.AnnotationInvocationHandler::invoke (277 bytes)
Event: 5.906 Thread 0x000000001484a000 nmethod 2313 0x00000000031e6190 code [0x00000000031e6480, 0x00000000031e7a78]
Event: 5.909 Thread 0x000000001484a000 2314       3       java.lang.Class::checkMemberAccess (49 bytes)
Event: 5.910 Thread 0x000000001484a000 nmethod 2314 0x00000000031e8410 code [0x00000000031e85a0, 0x00000000031e8af8]
Event: 5.910 Thread 0x000000001484a000 2315       3       scala.reflect.internal.SymbolTable::Scope (19 bytes)
Event: 5.911 Thread 0x000000001484a000 nmethod 2315 0x00000000031e8c90 code [0x00000000031e8e20, 0x00000000031e9330]
Event: 5.911 Thread 0x000000001484a000 2316       1       scala.reflect.internal.Types$ClassInfoType::parents (5 bytes)
Event: 5.911 Thread 0x000000001484a000 nmethod 2316 0x00000000031e94d0 code [0x00000000031e9620, 0x00000000031e9730]

GC Heap History (10 events):
Event: 2.102 GC heap before
{Heap before GC invocations=2 (full 0):
 PSYoungGen      total 38400K, used 38397K [0x00000000f0000000, 0x00000000f2a80000, 0x0000000100000000)
  eden space 33280K, 100% used [0x00000000f0000000,0x00000000f2080000,0x00000000f2080000)
  from space 5120K, 99% used [0x00000000f2080000,0x00000000f257f518,0x00000000f2580000)
  to   space 5120K, 0% used [0x00000000f2580000,0x00000000f2580000,0x00000000f2a80000)
 ParOldGen       total 87552K, used 1636K [0x00000000d0000000, 0x00000000d5580000, 0x00000000f0000000)
  object space 87552K, 1% used [0x00000000d0000000,0x00000000d01990f8,0x00000000d5580000)
 Metaspace       used 15848K, capacity 16166K, committed 16384K, reserved 1062912K
  class space    used 2694K, capacity 2762K, committed 2816K, reserved 1048576K
Event: 2.111 GC heap after
Heap after GC invocations=2 (full 0):
 PSYoungGen      total 38400K, used 5089K [0x00000000f0000000, 0x00000000f2a80000, 0x0000000100000000)
  eden space 33280K, 0% used [0x00000000f0000000,0x00000000f0000000,0x00000000f2080000)
  from space 5120K, 99% used [0x00000000f2580000,0x00000000f2a78698,0x00000000f2a80000)
  to   space 5120K, 0% used [0x00000000f2080000,0x00000000f2080000,0x00000000f2580000)
 ParOldGen       total 87552K, used 3342K [0x00000000d0000000, 0x00000000d5580000, 0x00000000f0000000)
  object space 87552K, 3% used [0x00000000d0000000,0x00000000d0343b10,0x00000000d5580000)
 Metaspace       used 15848K, capacity 16166K, committed 16384K, reserved 1062912K
  class space    used 2694K, capacity 2762K, committed 2816K, reserved 1048576K
}
Event: 2.679 GC heap before
{Heap before GC invocations=3 (full 0):
 PSYoungGen      total 38400K, used 25162K [0x00000000f0000000, 0x00000000f2a80000, 0x0000000100000000)
  eden space 33280K, 60% used [0x00000000f0000000,0x00000000f139a448,0x00000000f2080000)
  from space 5120K, 99% used [0x00000000f2580000,0x00000000f2a78698,0x00000000f2a80000)
  to   space 5120K, 0% used [0x00000000f2080000,0x00000000f2080000,0x00000000f2580000)
 ParOldGen       total 87552K, used 3342K [0x00000000d0000000, 0x00000000d5580000, 0x00000000f0000000)
  object space 87552K, 3% used [0x00000000d0000000,0x00000000d0343b10,0x00000000d5580000)
 Metaspace       used 20893K, capacity 21190K, committed 21296K, reserved 1067008K
  class space    used 3625K, capacity 3690K, committed 3712K, reserved 1048576K
Event: 2.690 GC heap after
Heap after GC invocations=3 (full 0):
 PSYoungGen      total 38400K, used 5114K [0x00000000f0000000, 0x00000000f4b00000, 0x0000000100000000)
  eden space 33280K, 0% used [0x00000000f0000000,0x00000000f0000000,0x00000000f2080000)
  from space 5120K, 99% used [0x00000000f2080000,0x00000000f257ea40,0x00000000f2580000)
  to   space 5120K, 0% used [0x00000000f4600000,0x00000000f4600000,0x00000000f4b00000)
 ParOldGen       total 87552K, used 5211K [0x00000000d0000000, 0x00000000d5580000, 0x00000000f0000000)
  object space 87552K, 5% used [0x00000000d0000000,0x00000000d0516c80,0x00000000d5580000)
 Metaspace       used 20893K, capacity 21190K, committed 21296K, reserved 1067008K
  class space    used 3625K, capacity 3690K, committed 3712K, reserved 1048576K
}
Event: 2.690 GC heap before
{Heap before GC invocations=4 (full 1):
 PSYoungGen      total 38400K, used 5114K [0x00000000f0000000, 0x00000000f4b00000, 0x0000000100000000)
  eden space 33280K, 0% used [0x00000000f0000000,0x00000000f0000000,0x00000000f2080000)
  from space 5120K, 99% used [0x00000000f2080000,0x00000000f257ea40,0x00000000f2580000)
  to   space 5120K, 0% used [0x00000000f4600000,0x00000000f4600000,0x00000000f4b00000)
 ParOldGen       total 87552K, used 5211K [0x00000000d0000000, 0x00000000d5580000, 0x00000000f0000000)
  object space 87552K, 5% used [0x00000000d0000000,0x00000000d0516c80,0x00000000d5580000)
 Metaspace       used 20893K, capacity 21190K, committed 21296K, reserved 1067008K
  class space    used 3625K, capacity 3690K, committed 3712K, reserved 1048576K
Event: 2.735 GC heap after
Heap after GC invocations=4 (full 1):
 PSYoungGen      total 38400K, used 0K [0x00000000f0000000, 0x00000000f4b00000, 0x0000000100000000)
  eden space 33280K, 0% used [0x00000000f0000000,0x00000000f0000000,0x00000000f2080000)
  from space 5120K, 0% used [0x00000000f2080000,0x00000000f2080000,0x00000000f2580000)
  to   space 5120K, 0% used [0x00000000f4600000,0x00000000f4600000,0x00000000f4b00000)
 ParOldGen       total 61952K, used 6684K [0x00000000d0000000, 0x00000000d3c80000, 0x00000000f0000000)
  object space 61952K, 10% used [0x00000000d0000000,0x00000000d06872e8,0x00000000d3c80000)
 Metaspace       used 20893K, capacity 21190K, committed 21296K, reserved 1067008K
  class space    used 3625K, capacity 3690K, committed 3712K, reserved 1048576K
}
Event: 3.812 GC heap before
{Heap before GC invocations=5 (full 1):
 PSYoungGen      total 38400K, used 33280K [0x00000000f0000000, 0x00000000f4b00000, 0x0000000100000000)
  eden space 33280K, 100% used [0x00000000f0000000,0x00000000f2080000,0x00000000f2080000)
  from space 5120K, 0% used [0x00000000f2080000,0x00000000f2080000,0x00000000f2580000)
  to   space 5120K, 0% used [0x00000000f4600000,0x00000000f4600000,0x00000000f4b00000)
 ParOldGen       total 61952K, used 6684K [0x00000000d0000000, 0x00000000d3c80000, 0x00000000f0000000)
  object space 61952K, 10% used [0x00000000d0000000,0x00000000d06872e8,0x00000000d3c80000)
 Metaspace       used 24586K, capacity 24914K, committed 25216K, reserved 1071104K
  class space    used 4309K, capacity 4396K, committed 4480K, reserved 1048576K
Event: 3.827 GC heap after
Heap after GC invocations=5 (full 1):
 PSYoungGen      total 52736K, used 5091K [0x00000000f0000000, 0x00000000f4b00000, 0x0000000100000000)
  eden space 47616K, 0% used [0x00000000f0000000,0x00000000f0000000,0x00000000f2e80000)
  from space 5120K, 99% used [0x00000000f4600000,0x00000000f4af8c70,0x00000000f4b00000)
  to   space 5120K, 0% used [0x00000000f4100000,0x00000000f4100000,0x00000000f4600000)
 ParOldGen       total 61952K, used 7132K [0x00000000d0000000, 0x00000000d3c80000, 0x00000000f0000000)
  object space 61952K, 11% used [0x00000000d0000000,0x00000000d06f7270,0x00000000d3c80000)
 Metaspace       used 24586K, capacity 24914K, committed 25216K, reserved 1071104K
  class space    used 4309K, capacity 4396K, committed 4480K, reserved 1048576K
}
Event: 5.752 GC heap before
{Heap before GC invocations=6 (full 1):
 PSYoungGen      total 52736K, used 52707K [0x00000000f0000000, 0x00000000f4b00000, 0x0000000100000000)
  eden space 47616K, 100% used [0x00000000f0000000,0x00000000f2e80000,0x00000000f2e80000)
  from space 5120K, 99% used [0x00000000f4600000,0x00000000f4af8c70,0x00000000f4b00000)
  to   space 5120K, 0% used [0x00000000f4100000,0x00000000f4100000,0x00000000f4600000)
 ParOldGen       total 61952K, used 7132K [0x00000000d0000000, 0x00000000d3c80000, 0x00000000f0000000)
  object space 61952K, 11% used [0x00000000d0000000,0x00000000d06f7270,0x00000000d3c80000)
 Metaspace       used 32098K, capacity 32476K, committed 32768K, reserved 1077248K
  class space    used 5447K, capacity 5530K, committed 5632K, reserved 1048576K
Event: 5.780 GC heap after
Heap after GC invocations=6 (full 1):
 PSYoungGen      total 71680K, used 5105K [0x00000000f0000000, 0x00000000f5380000, 0x0000000100000000)
  eden space 66560K, 0% used [0x00000000f0000000,0x00000000f0000000,0x00000000f4100000)
  from space 5120K, 99% used [0x00000000f4100000,0x00000000f45fc7c0,0x00000000f4600000)
  to   space 8704K, 0% used [0x00000000f4b00000,0x00000000f4b00000,0x00000000f5380000)
 ParOldGen       total 61952K, used 10296K [0x00000000d0000000, 0x00000000d3c80000, 0x00000000f0000000)
  object space 61952K, 16% used [0x00000000d0000000,0x00000000d0a0e370,0x00000000d3c80000)
 Metaspace       used 32098K, capacity 32476K, committed 32768K, reserved 1077248K
  class space    used 5447K, capacity 5530K, committed 5632K, reserved 1048576K
}

Deoptimization events (10 events):
Event: 3.615 Thread 0x00000000029d2800 Uncommon trap: reason=unstable_if action=reinterpret pc=0x0000000002d4da64 method=sun.misc.MetaIndex.mayContain(Ljava/lang/String;)Z @ 38
Event: 3.617 Thread 0x00000000029d2800 Uncommon trap: reason=unstable_if action=reinterpret pc=0x0000000002cabe7c method=sun.misc.MetaIndex.mayContain(Ljava/lang/String;)Z @ 38
Event: 3.618 Thread 0x00000000029d2800 Uncommon trap: reason=unstable_if action=reinterpret pc=0x0000000002c6a068 method=sun.misc.MetaIndex.mayContain(Ljava/lang/String;)Z @ 38
Event: 3.832 Thread 0x00000000029d2800 Uncommon trap: reason=unstable_if action=reinterpret pc=0x0000000002dec3dc method=java.lang.ref.ReferenceQueue.poll()Ljava/lang/ref/Reference; @ 4
Event: 4.723 Thread 0x00000000029d2800 Uncommon trap: reason=class_check action=maybe_recompile pc=0x0000000002ca1778 method=sun.misc.URLClassPath.getLoader(I)Lsun/misc/URLClassPath$Loader; @ 94
Event: 4.723 Thread 0x00000000029d2800 Uncommon trap: reason=unstable_if action=reinterpret pc=0x0000000003178dc0 method=java.lang.String.regionMatches(ZILjava/lang/String;II)Z @ 41
Event: 4.789 Thread 0x00000000029d2800 Uncommon trap: reason=class_check action=maybe_recompile pc=0x0000000002ca1778 method=sun.misc.URLClassPath.getLoader(I)Lsun/misc/URLClassPath$Loader; @ 94
Event: 4.792 Thread 0x00000000029d2800 Uncommon trap: reason=class_check action=maybe_recompile pc=0x0000000002ca1778 method=sun.misc.URLClassPath.getLoader(I)Lsun/misc/URLClassPath$Loader; @ 94
Event: 4.795 Thread 0x00000000029d2800 Uncommon trap: reason=class_check action=maybe_recompile pc=0x0000000002ca1778 method=sun.misc.URLClassPath.getLoader(I)Lsun/misc/URLClassPath$Loader; @ 94
Event: 4.798 Thread 0x00000000029d2800 Uncommon trap: reason=class_check action=maybe_recompile pc=0x0000000002c8e734 method=sun.misc.URLClassPath.getLoader(I)Lsun/misc/URLClassPath$Loader; @ 94

Internal exceptions (10 events):
Event: 2.882 Thread 0x00000000029d2800 Exception <a 'java/lang/ClassNotFoundException': scala/reflect/ScalaSignature> (0x00000000f01d0908) thrown at [C:\re\workspace\8-2-build-windows-amd64-cygwin\jdk8u45\3627\hotspot\src\share\vm\classfile\systemDictionary.cpp, line 210]
Event: 2.882 Thread 0x00000000029d2800 Exception <a 'java/lang/ClassNotFoundException': scala/reflect/ScalaLongSignature> (0x00000000f01d1020) thrown at [C:\re\workspace\8-2-build-windows-amd64-cygwin\jdk8u45\3627\hotspot\src\share\vm\classfile\systemDictionary.cpp, line 210]
Event: 2.886 Thread 0x00000000029d2800 Exception <a 'java/lang/ClassNotFoundException': scala/reflect/ScalaSignature> (0x00000000f01e04e8) thrown at [C:\re\workspace\8-2-build-windows-amd64-cygwin\jdk8u45\3627\hotspot\src\share\vm\classfile\systemDictionary.cpp, line 210]
Event: 2.886 Thread 0x00000000029d2800 Exception <a 'java/lang/ClassNotFoundException': scala/reflect/ScalaLongSignature> (0x00000000f01e0a70) thrown at [C:\re\workspace\8-2-build-windows-amd64-cygwin\jdk8u45\3627\hotspot\src\share\vm\classfile\systemDictionary.cpp, line 210]
Event: 2.888 Thread 0x00000000029d2800 Exception <a 'java/lang/ArrayIndexOutOfBoundsException'> (0x00000000f01e5910) thrown at [C:\re\workspace\8-2-build-windows-amd64-cygwin\jdk8u45\3627\hotspot\src\share\vm\runtime\sharedRuntime.cpp, line 605]
Event: 3.743 Thread 0x00000000029d2800 Exception <a 'java/lang/ArrayIndexOutOfBoundsException'> (0x00000000f1f88e28) thrown at [C:\re\workspace\8-2-build-windows-amd64-cygwin\jdk8u45\3627\hotspot\src\share\vm\runtime\sharedRuntime.cpp, line 605]
Event: 3.835 Thread 0x00000000029d2800 Exception <a 'java/lang/ArrayIndexOutOfBoundsException'> (0x00000000f00211e0) thrown at [C:\re\workspace\8-2-build-windows-amd64-cygwin\jdk8u45\3627\hotspot\src\share\vm\runtime\sharedRuntime.cpp, line 605]
Event: 3.846 Thread 0x00000000029d2800 Exception <a 'java/lang/ArrayIndexOutOfBoundsException'> (0x00000000f0056e90) thrown at [C:\re\workspace\8-2-build-windows-amd64-cygwin\jdk8u45\3627\hotspot\src\share\vm\runtime\sharedRuntime.cpp, line 605]
Event: 5.735 Thread 0x00000000029d2800 Exception <a 'java/lang/ClassNotFoundException': java/net> (0x00000000f2e41040) thrown at [C:\re\workspace\8-2-build-windows-amd64-cygwin\jdk8u45\3627\hotspot\src\share\vm\classfile\systemDictionary.cpp, line 210]
Event: 5.735 Thread 0x00000000029d2800 Exception <a 'java/lang/ClassNotFoundException': java/net/package> (0x00000000f2e41e98) thrown at [C:\re\workspace\8-2-build-windows-amd64-cygwin\jdk8u45\3627\hotspot\src\share\vm\classfile\systemDictionary.cpp, line 210]

Events (10 events):
Event: 5.906 loading class sbt/serialization/canToStringPickler
Event: 5.906 loading class sbt/serialization/canToStringPickler done
Event: 5.907 loading class sbt/serialization/filePickler
Event: 5.907 loading class sbt/serialization/filePickler done
Event: 5.907 loading class sbt/serialization/uriPickler
Event: 5.907 loading class sbt/serialization/uriPickler done
Event: 5.910 loading class sbt/serialization/typeExpressionPickler
Event: 5.910 loading class sbt/serialization/typeExpressionPickler done
Event: 5.912 loading class sbt/serialization/tuple2Pickler
Event: 5.912 loading class sbt/serialization/tuple2Pickler done


Dynamic libraries:
0x00007ff671f70000 - 0x00007ff671fa7000 	C:\Program Files\Java\jdk1.8.0_45\bin\java.exe
0x00007ff954ee0000 - 0x00007ff95508c000 	C:\WINDOWS\SYSTEM32\ntdll.dll
0x00007ff954b30000 - 0x00007ff954c6e000 	C:\WINDOWS\system32\KERNEL32.DLL
0x00007ff952110000 - 0x00007ff952225000 	C:\WINDOWS\system32\KERNELBASE.dll
0x00007ff9505f0000 - 0x00007ff95067e000 	C:\WINDOWS\system32\apphelp.dll
0x00007ff942be0000 - 0x00007ff942c33000 	C:\WINDOWS\AppPatch\AppPatch64\AcGenral.DLL
0x00007ff952f80000 - 0x00007ff95302a000 	C:\WINDOWS\system32\msvcrt.dll
0x00007ff951e10000 - 0x00007ff951e3e000 	C:\WINDOWS\SYSTEM32\SspiCli.dll
0x00007ff954a40000 - 0x00007ff954a94000 	C:\WINDOWS\system32\SHLWAPI.dll
0x00007ff952570000 - 0x00007ff9526e7000 	C:\WINDOWS\system32\USER32.dll
0x00007ff9526f0000 - 0x00007ff952884000 	C:\WINDOWS\system32\ole32.dll
0x00007ff9531a0000 - 0x00007ff9546b9000 	C:\WINDOWS\system32\SHELL32.dll
0x00007ff9515e0000 - 0x00007ff951601000 	C:\WINDOWS\SYSTEM32\USERENV.dll
0x00007ff954990000 - 0x00007ff954a3a000 	C:\WINDOWS\system32\ADVAPI32.dll
0x00007ff9482b0000 - 0x00007ff9482ce000 	C:\WINDOWS\SYSTEM32\MPR.dll
0x00007ff954cd0000 - 0x00007ff954e11000 	C:\WINDOWS\system32\RPCRT4.dll
0x00007ff954c70000 - 0x00007ff954cc9000 	C:\WINDOWS\SYSTEM32\sechost.dll
0x00007ff954770000 - 0x00007ff954981000 	C:\WINDOWS\SYSTEM32\combase.dll
0x00007ff952960000 - 0x00007ff952ab0000 	C:\WINDOWS\system32\GDI32.dll
0x00007ff952040000 - 0x00007ff952055000 	C:\WINDOWS\SYSTEM32\profapi.dll
0x00007ff950b90000 - 0x00007ff950c42000 	C:\WINDOWS\SYSTEM32\SHCORE.dll
0x00007ff9546c0000 - 0x00007ff9546f6000 	C:\WINDOWS\system32\IMM32.DLL
0x00007ff953040000 - 0x00007ff953192000 	C:\WINDOWS\system32\MSCTF.dll
0x00007ff94f550000 - 0x00007ff94f7ca000 	C:\WINDOWS\WinSxS\amd64_microsoft.windows.common-controls_6595b64144ccf1df_6.0.9600.17810_none_6240b9c7ecbd0bda\COMCTL32.dll
0x0000000073580000 - 0x0000000073652000 	C:\Program Files\Java\jdk1.8.0_45\jre\bin\msvcr100.dll
0x0000000072cf0000 - 0x0000000073573000 	C:\Program Files\Java\jdk1.8.0_45\jre\bin\server\jvm.dll
0x00007ff947fd0000 - 0x00007ff947fd9000 	C:\WINDOWS\SYSTEM32\WSOCK32.dll
0x00007ff950040000 - 0x00007ff950062000 	C:\WINDOWS\SYSTEM32\WINMM.dll
0x00007ff9502b0000 - 0x00007ff9502ba000 	C:\WINDOWS\SYSTEM32\VERSION.dll
0x00007ff952c60000 - 0x00007ff952c67000 	C:\WINDOWS\system32\PSAPI.DLL
0x00007ff952c70000 - 0x00007ff952cca000 	C:\WINDOWS\system32\WS2_32.dll
0x00007ff94fcc0000 - 0x00007ff94fcea000 	C:\WINDOWS\SYSTEM32\WINMMBASE.dll
0x00007ff953030000 - 0x00007ff953039000 	C:\WINDOWS\system32\NSI.dll
0x00007ff952520000 - 0x00007ff95256f000 	C:\WINDOWS\SYSTEM32\cfgmgr32.dll
0x00007ff950e50000 - 0x00007ff950e78000 	C:\WINDOWS\SYSTEM32\DEVOBJ.dll
0x0000000072ce0000 - 0x0000000072cef000 	C:\Program Files\Java\jdk1.8.0_45\jre\bin\verify.dll
0x0000000072cb0000 - 0x0000000072cd9000 	C:\Program Files\Java\jdk1.8.0_45\jre\bin\java.dll
0x0000000072c90000 - 0x0000000072ca6000 	C:\Program Files\Java\jdk1.8.0_45\jre\bin\zip.dll
0x0000000072c70000 - 0x0000000072c8a000 	C:\Program Files\Java\jdk1.8.0_45\jre\bin\net.dll
0x00007ff951850000 - 0x00007ff9518a9000 	C:\WINDOWS\system32\mswsock.dll
0x0000000072c50000 - 0x0000000072c61000 	C:\Program Files\Java\jdk1.8.0_45\jre\bin\nio.dll
0x00007ff9518b0000 - 0x00007ff9518d0000 	C:\WINDOWS\SYSTEM32\CRYPTSP.dll
0x00007ff9514d0000 - 0x00007ff951506000 	C:\WINDOWS\system32\rsaenh.dll
0x00007ff951b00000 - 0x00007ff951b26000 	C:\WINDOWS\SYSTEM32\bcrypt.dll
0x00007ff951ea0000 - 0x00007ff951f03000 	C:\WINDOWS\system32\bcryptprimitives.dll
0x00007ff951f10000 - 0x00007ff951f1b000 	C:\WINDOWS\SYSTEM32\CRYPTBASE.dll
0x00007ff94e5b0000 - 0x00007ff94e5da000 	C:\WINDOWS\SYSTEM32\IPHLPAPI.DLL
0x00007ff94e550000 - 0x00007ff94e55a000 	C:\WINDOWS\SYSTEM32\WINNSI.DLL
0x00007ff94e170000 - 0x00007ff94e186000 	C:\WINDOWS\SYSTEM32\dhcpcsvc6.DLL
0x00007ff94e190000 - 0x00007ff94e1aa000 	C:\WINDOWS\SYSTEM32\dhcpcsvc.DLL
0x00007ff94bd40000 - 0x00007ff94bd4a000 	C:\Users\Anup_sust\AppData\Local\Temp\jansi-64-1-3976717120927409227.11
0x00007ff946d00000 - 0x00007ff946e89000 	C:\WINDOWS\SYSTEM32\dbghelp.dll

VM Arguments:
jvm_args: -Djline.terminal=jline.UnsupportedTerminal -Dsbt.log.noformat=true -Dfile.encoding=UTF-8 -Xmx768M -XX:MaxPermSize=384M 
java_command: C:/Users/Anup_sust/.IntelliJIdea14/config/plugins/Scala/launcher/sbt-launch.jar
java_class_path (initial): C:/Users/Anup_sust/.IntelliJIdea14/config/plugins/Scala/launcher/sbt-launch.jar
Launcher Type: SUN_STANDARD

Environment Variables:
PATH=C:\ProgramData\Oracle\Java\javapath;C:\Program Files (x86)\NVIDIA Corporation\PhysX\Common;C:\Program Files (x86)\Intel\iCLS Client\;C:\Program Files\Intel\iCLS Client\;C:\Program Files\Broadcom\Broadcom 802.11 Network Adapter;C:\WINDOWS\system32;C:\WINDOWS;C:\WINDOWS\System32\Wbem;C:\WINDOWS\System32\WindowsPowerShell\v1.0\;C:\Program Files\Intel\Intel(R) Management Engine Components\DAL;C:\Program Files\Intel\Intel(R) Management Engine Components\IPT;C:\Program Files (x86)\Intel\Intel(R) Management Engine Components\DAL;C:\Program Files (x86)\Intel\Intel(R) Management Engine Components\IPT;C:\Program Files\WIDCOMM\Bluetooth Software\;C:\Program Files\WIDCOMM\Bluetooth Software\syswow64;C:\Program Files (x86)\Intel\OpenCL SDK\2.0\bin\x86;C:\Program Files (x86)\Intel\OpenCL SDK\2.0\bin\x64;C:\Program Files\Sony\VAIO Improvement;C:\Program Files (x86)\Sony\VAIO BIOS Data Transfer Utility\;C:\Program Files (x86)\Sony\VAIO Startup Setting Tool;C:\Program Files\Microsoft\Web Platform Installer\;C:\Program Files (x86)\Microsoft ASP.NET\ASP.NET Web Pages\v1.0\;C:\Program Files (x86)\Windows Kits\8.0\Windows Performance Toolkit\;C:\Program Files\Microsoft SQL Server\110\Tools\Binn\;C:\Program Files\nodejs\;C:\Program Files (x86)\Git\cmd;C:\Program Files (x86)\Git\bin;C:\Program Files\Java\jdk1.7.0_51\bin;C:\Program Files (x86)\scala-2.11.0-M4;C:\Program Files (x86)\activator-1.3.5-minimal;C:\Program Files\TortoiseGit\bin;C:\Program Files (x86)\scala\bin;C:\Program Files (x86)\sbt\\bin;C:\Program Files (x86)\Skype\Phone\;C:\Program Files\MongoDB\Server\3.0\bin;C:\Ruby200-x64\bin;C:\Users\Anup_sust\AppData\Roaming\npm
USERNAME=Anup_sust
OS=Windows_NT
PROCESSOR_IDENTIFIER=Intel64 Family 6 Model 58 Stepping 9, GenuineIntel



---------------  S Y S T E M  ---------------

OS: Windows 8.1 , 64 bit Build 9600 (6.3.9600.17415)

CPU:total 4 (2 cores per cpu, 2 threads per core) family 6 model 58 stepping 9, cmov, cx8, fxsr, mmx, sse, sse2, sse3, ssse3, sse4.1, sse4.2, popcnt, avx, aes, clmul, erms, ht, tsc, tscinvbit, tscinv

Memory: 4k page, physical 8264500k(2170180k free), swap 16653108k(8192740k free)

vm_info: Java HotSpot(TM) 64-Bit Server VM (25.45-b02) for windows-amd64 JRE (1.8.0_45-b15), built on Apr 30 2015 12:40:44 by "java_re" with MS VC++ 10.0 (VS2010)

time: Sun Aug 16 22:32:37 2015
elapsed time: 6 seconds (0d 0h 0m 6s)

