#
# A fatal error has been detected by the Java Runtime Environment:
#
#  EXCEPTION_ACCESS_VIOLATION (0xc0000005) at pc=0x0000000070c52c19, pid=7700, tid=3880
#
# JRE version: Java(TM) SE Runtime Environment (8.0_45-b15) (build 1.8.0_45-b15)
# Java VM: Java HotSpot(TM) 64-Bit Server VM (25.45-b02 mixed mode windows-amd64 compressed oops)
# Problematic frame:
# V  [jvm.dll+0x502c19]
#
# Failed to write core dump. Minidumps are not enabled by default on client versions of Windows
#
# If you would like to submit a bug report, please visit:
#   http://bugreport.java.com/bugreport/crash.jsp
#

---------------  T H R E A D  ---------------

Current thread (0x000000001735f800):  JavaThread "C2 CompilerThread0" daemon [_thread_in_native, id=3880, stack(0x00000000188c0000,0x00000000189c0000)]

siginfo: ExceptionCode=0xc0000005, reading address 0xffffffffffffffff

Registers:
RAX=0xffffffffffffffff, RBX=0x000000001e45beb8, RCX=0x0000000000000000, RDX=0x000000000000009b
RSP=0x00000000189bbf80, RBP=0x0000000000000000, RSI=0x0000000000000020, RDI=0x010000001a6b21c8
R8 =0x000000001a6b38e0, R9 =0x000000001e0b8ed0, R10=0x000000001c120190, R11=0x000000001a5a6b10
R12=0x0000000000000000, R13=0x000000001e0b8f78, R14=0x000000001e62b750, R15=0x000000001e0b8ed0
RIP=0x0000000070c52c19, EFLAGS=0x0000000000010246

Top of Stack: (sp=0x00000000189bbf80)
0x00000000189bbf80:   000000001e45beb8 0000000000000001
0x00000000189bbf90:   0000000000000008 0000000070c1d504
0x00000000189bbfa0:   000000001e9ac250 000000001e62b750
0x00000000189bbfb0:   00000000189bc6c0 000000000000000d
0x00000000189bbfc0:   0000000000000013 0000000070c581a0
0x00000000189bbfd0:   00000000189bc0d0 0000000000000004
0x00000000189bbfe0:   000000001e9ac240 0000000000000014
0x00000000189bbff0:   0000000000004393 0000000000004382
0x00000000189bc000:   0000000000000000 000000001b956000
0x00000000189bc010:   00000000189bc270 0000000000000007
0x00000000189bc020:   0000000000000004 000000001e9ac240
0x00000000189bc030:   0000000000000001 0000000000000001
0x00000000189bc040:   000000001a7d95bd 000000010000000d
0x00000000189bc050:   00003b5300000000 00000000189bc3a0
0x00000000189bc060:   000000000000000f 000000001bbdb100
0x00000000189bc070:   0000000000000004 00003b530000000d 

Instructions: (pc=0x0000000070c52c19)
0x0000000070c52bf9:   6c 24 50 48 89 74 24 58 48 89 7c 24 60 4c 89 64
0x0000000070c52c09:   24 20 0f 1f 44 00 00 49 8b 7d 00 33 ed 45 33 e4
0x0000000070c52c19:   39 6f 1c 0f 86 b8 00 00 00 33 f6 4c 8b 47 08 49
0x0000000070c52c29:   8b 0c 30 49 3b ce 0f 85 96 00 00 00 3b 6f 18 73 


Register to memory mapping:

RAX=0xffffffffffffffff is an unknown value
RBX=0x000000001e45beb8 is an unknown value
RCX=0x0000000000000000 is an unknown value
RDX=0x000000000000009b is an unknown value
RSP=0x00000000189bbf80 is pointing into the stack for thread: 0x000000001735f800
RBP=0x0000000000000000 is an unknown value
RSI=0x0000000000000020 is an unknown value
RDI=0x010000001a6b21c8 is an unknown value
R8 =0x000000001a6b38e0 is an unknown value
R9 =0x000000001e0b8ed0 is an unknown value
R10=0x000000001c120190 is an unknown value
R11=0x000000001a5a6b10 is an unknown value
R12=0x0000000000000000 is an unknown value
R13=0x000000001e0b8f78 is an unknown value
R14=0x000000001e62b750 is an unknown value
R15=0x000000001e0b8ed0 is an unknown value


Stack: [0x00000000188c0000,0x00000000189c0000],  sp=0x00000000189bbf80,  free space=1007k
Native frames: (J=compiled Java code, j=interpreted, Vv=VM code, C=native code)


Current CompileTask:
C2:   4032 1504       4       java.net.URLClassLoader$1::run (5 bytes)


---------------  P R O C E S S  ---------------

Java Threads: ( => current thread )
  0x0000000018bf0800 JavaThread "Service Thread" daemon [_thread_blocked, id=9772, stack(0x0000000018fc0000,0x00000000190c0000)]
  0x0000000017368000 JavaThread "C1 CompilerThread2" daemon [_thread_blocked, id=9852, stack(0x0000000018ac0000,0x0000000018bc0000)]
  0x0000000017361800 JavaThread "C2 CompilerThread1" daemon [_thread_in_native, id=9260, stack(0x00000000189c0000,0x0000000018ac0000)]
=>0x000000001735f800 JavaThread "C2 CompilerThread0" daemon [_thread_in_native, id=3880, stack(0x00000000188c0000,0x00000000189c0000)]
  0x000000001735e800 JavaThread "Attach Listener" daemon [_thread_blocked, id=9108, stack(0x00000000187c0000,0x00000000188c0000)]
  0x000000001735c800 JavaThread "Signal Dispatcher" daemon [_thread_blocked, id=9684, stack(0x00000000186c0000,0x00000000187c0000)]
  0x0000000017329000 JavaThread "Finalizer" daemon [_thread_blocked, id=5424, stack(0x00000000185c0000,0x00000000186c0000)]
  0x0000000002831800 JavaThread "Reference Handler" daemon [_thread_blocked, id=10000, stack(0x00000000184c0000,0x00000000185c0000)]
  0x000000000263d800 JavaThread "main" [_thread_in_native, id=9808, stack(0x0000000002640000,0x0000000002740000)]

Other Threads:
  0x0000000017327800 VMThread [stack: 0x00000000183c0000,0x00000000184c0000] [id=9780]
  0x0000000018bf1000 WatcherThread [stack: 0x00000000190c0000,0x00000000191c0000] [id=1208]

VM state:not at safepoint (normal execution)

VM Mutex/Monitor currently owned by a thread: None

Heap:
 PSYoungGen      total 71680K, used 14539K [0x00000000d5f80000, 0x00000000daa80000, 0x0000000100000000)
  eden space 66560K, 14% used [0x00000000d5f80000,0x00000000d68b78e8,0x00000000da080000)
  from space 5120K, 99% used [0x00000000da580000,0x00000000daa7b538,0x00000000daa80000)
  to   space 5120K, 0% used [0x00000000da080000,0x00000000da080000,0x00000000da580000)
 ParOldGen       total 87552K, used 10232K [0x0000000081e00000, 0x0000000087380000, 0x00000000d5f80000)
  object space 87552K, 11% used [0x0000000081e00000,0x00000000827fe198,0x0000000087380000)
 Metaspace       used 27611K, capacity 27972K, committed 28288K, reserved 1073152K
  class space    used 4837K, capacity 4950K, committed 4992K, reserved 1048576K

Card table byte_map: [0x0000000011c00000,0x0000000012000000] byte_map_base: 0x00000000117f1000

Marking Bits: (ParMarkBitMap*) 0x0000000070f54040
 Begin Bits: [0x00000000126b0000, 0x0000000014638000)
 End Bits:   [0x0000000014638000, 0x00000000165c0000)

Polling page: 0x0000000000b90000

CodeCache: size=245760Kb used=5847Kb max_used=5847Kb free=239912Kb
 bounds [0x0000000002840000, 0x0000000002e00000, 0x0000000011840000]
 total_blobs=2249 nmethods=1877 adapters=283
 compilation: enabled

Compilation events (10 events):
Event: 4.021 Thread 0x0000000017368000 1883       3       scala.reflect.internal.util.WeakHashSet::findEntryOrUpdate (50 bytes)
Event: 4.021 Thread 0x0000000017368000 nmethod 1883 0x0000000002df6990 code [0x0000000002df6b40, 0x0000000002df7058]
Event: 4.021 Thread 0x0000000017368000 1887       3       scala.reflect.internal.Types$$anon$11::<init> (39 bytes)
Event: 4.022 Thread 0x0000000017368000 nmethod 1887 0x0000000002df72d0 code [0x0000000002df7480, 0x0000000002df7ae8]
Event: 4.022 Thread 0x0000000017368000 1888       1       java.lang.reflect.Constructor::getModifiers (5 bytes)
Event: 4.022 Thread 0x0000000017368000 nmethod 1888 0x0000000002df7d10 code [0x0000000002df7e60, 0x0000000002df7f70]
Event: 4.022 Thread 0x0000000017368000 1891       3       sun.reflect.misc.ReflectUtil::needsPackageAccessCheck (31 bytes)
Event: 4.022 Thread 0x0000000017368000 nmethod 1891 0x0000000002df7fd0 code [0x0000000002df8160, 0x0000000002df85c8]
Event: 4.022 Thread 0x0000000017368000 1890       3       scala.reflect.internal.Symbols$Symbol::newMethod (12 bytes)
Event: 4.023 Thread 0x0000000017368000 nmethod 1890 0x0000000002df8710 code [0x0000000002df8880, 0x0000000002df8aa8]

GC Heap History (8 events):
Event: 0.891 GC heap before
{Heap before GC invocations=1 (full 0):
 PSYoungGen      total 38400K, used 33280K [0x00000000d5f80000, 0x00000000d8a00000, 0x0000000100000000)
  eden space 33280K, 100% used [0x00000000d5f80000,0x00000000d8000000,0x00000000d8000000)
  from space 5120K, 0% used [0x00000000d8500000,0x00000000d8500000,0x00000000d8a00000)
  to   space 5120K, 0% used [0x00000000d8000000,0x00000000d8000000,0x00000000d8500000)
 ParOldGen       total 87552K, used 0K [0x0000000081e00000, 0x0000000087380000, 0x00000000d5f80000)
  object space 87552K, 0% used [0x0000000081e00000,0x0000000081e00000,0x0000000087380000)
 Metaspace       used 8874K, capacity 9388K, committed 9600K, reserved 1056768K
  class space    used 1294K, capacity 1388K, committed 1408K, reserved 1048576K
Event: 0.896 GC heap after
Heap after GC invocations=1 (full 0):
 PSYoungGen      total 38400K, used 5096K [0x00000000d5f80000, 0x00000000d8a00000, 0x0000000100000000)
  eden space 33280K, 0% used [0x00000000d5f80000,0x00000000d5f80000,0x00000000d8000000)
  from space 5120K, 99% used [0x00000000d8000000,0x00000000d84fa3e0,0x00000000d8500000)
  to   space 5120K, 0% used [0x00000000d8500000,0x00000000d8500000,0x00000000d8a00000)
 ParOldGen       total 87552K, used 612K [0x0000000081e00000, 0x0000000087380000, 0x00000000d5f80000)
  object space 87552K, 0% used [0x0000000081e00000,0x0000000081e990e8,0x0000000087380000)
 Metaspace       used 8874K, capacity 9388K, committed 9600K, reserved 1056768K
  class space    used 1294K, capacity 1388K, committed 1408K, reserved 1048576K
}
Event: 1.603 GC heap before
{Heap before GC invocations=2 (full 0):
 PSYoungGen      total 38400K, used 38376K [0x00000000d5f80000, 0x00000000d8a00000, 0x0000000100000000)
  eden space 33280K, 100% used [0x00000000d5f80000,0x00000000d8000000,0x00000000d8000000)
  from space 5120K, 99% used [0x00000000d8000000,0x00000000d84fa3e0,0x00000000d8500000)
  to   space 5120K, 0% used [0x00000000d8500000,0x00000000d8500000,0x00000000d8a00000)
 ParOldGen       total 87552K, used 612K [0x0000000081e00000, 0x0000000087380000, 0x00000000d5f80000)
  object space 87552K, 0% used [0x0000000081e00000,0x0000000081e990e8,0x0000000087380000)
 Metaspace       used 16083K, capacity 16408K, committed 16512K, reserved 1062912K
  class space    used 2735K, capacity 2868K, committed 2944K, reserved 1048576K
Event: 1.611 GC heap after
Heap after GC invocations=2 (full 0):
 PSYoungGen      total 38400K, used 5101K [0x00000000d5f80000, 0x00000000d8a00000, 0x0000000100000000)
  eden space 33280K, 0% used [0x00000000d5f80000,0x00000000d5f80000,0x00000000d8000000)
  from space 5120K, 99% used [0x00000000d8500000,0x00000000d89fb488,0x00000000d8a00000)
  to   space 5120K, 0% used [0x00000000d8000000,0x00000000d8000000,0x00000000d8500000)
 ParOldGen       total 87552K, used 3328K [0x0000000081e00000, 0x0000000087380000, 0x00000000d5f80000)
  object space 87552K, 3% used [0x0000000081e00000,0x0000000082140080,0x0000000087380000)
 Metaspace       used 16083K, capacity 16408K, committed 16512K, reserved 1062912K
  class space    used 2735K, capacity 2868K, committed 2944K, reserved 1048576K
}
Event: 2.522 GC heap before
{Heap before GC invocations=3 (full 0):
 PSYoungGen      total 38400K, used 38381K [0x00000000d5f80000, 0x00000000d8a00000, 0x0000000100000000)
  eden space 33280K, 100% used [0x00000000d5f80000,0x00000000d8000000,0x00000000d8000000)
  from space 5120K, 99% used [0x00000000d8500000,0x00000000d89fb488,0x00000000d8a00000)
  to   space 5120K, 0% used [0x00000000d8000000,0x00000000d8000000,0x00000000d8500000)
 ParOldGen       total 87552K, used 3328K [0x0000000081e00000, 0x0000000087380000, 0x00000000d5f80000)
  object space 87552K, 3% used [0x0000000081e00000,0x0000000082140080,0x0000000087380000)
 Metaspace       used 21367K, capacity 21752K, committed 22016K, reserved 1067008K
  class space    used 3636K, capacity 3732K, committed 3840K, reserved 1048576K
Event: 2.535 GC heap after
Heap after GC invocations=3 (full 0):
 PSYoungGen      total 38400K, used 5111K [0x00000000d5f80000, 0x00000000daa80000, 0x0000000100000000)
  eden space 33280K, 0% used [0x00000000d5f80000,0x00000000d5f80000,0x00000000d8000000)
  from space 5120K, 99% used [0x00000000d8000000,0x00000000d84fdf00,0x00000000d8500000)
  to   space 5120K, 0% used [0x00000000da580000,0x00000000da580000,0x00000000daa80000)
 ParOldGen       total 87552K, used 6315K [0x0000000081e00000, 0x0000000087380000, 0x00000000d5f80000)
  object space 87552K, 7% used [0x0000000081e00000,0x000000008242acb8,0x0000000087380000)
 Metaspace       used 21367K, capacity 21752K, committed 22016K, reserved 1067008K
  class space    used 3636K, capacity 3732K, committed 3840K, reserved 1048576K
}
Event: 3.704 GC heap before
{Heap before GC invocations=4 (full 0):
 PSYoungGen      total 38400K, used 38391K [0x00000000d5f80000, 0x00000000daa80000, 0x0000000100000000)
  eden space 33280K, 100% used [0x00000000d5f80000,0x00000000d8000000,0x00000000d8000000)
  from space 5120K, 99% used [0x00000000d8000000,0x00000000d84fdf00,0x00000000d8500000)
  to   space 5120K, 0% used [0x00000000da580000,0x00000000da580000,0x00000000daa80000)
 ParOldGen       total 87552K, used 6315K [0x0000000081e00000, 0x0000000087380000, 0x00000000d5f80000)
  object space 87552K, 7% used [0x0000000081e00000,0x000000008242acb8,0x0000000087380000)
 Metaspace       used 26686K, capacity 27044K, committed 27392K, reserved 1071104K
  class space    used 4690K, capacity 4790K, committed 4864K, reserved 1048576K
Event: 3.720 GC heap after
Heap after GC invocations=4 (full 0):
 PSYoungGen      total 71680K, used 5101K [0x00000000d5f80000, 0x00000000daa80000, 0x0000000100000000)
  eden space 66560K, 0% used [0x00000000d5f80000,0x00000000d5f80000,0x00000000da080000)
  from space 5120K, 99% used [0x00000000da580000,0x00000000daa7b538,0x00000000daa80000)
  to   space 5120K, 0% used [0x00000000da080000,0x00000000da080000,0x00000000da580000)
 ParOldGen       total 87552K, used 10232K [0x0000000081e00000, 0x0000000087380000, 0x00000000d5f80000)
  object space 87552K, 11% used [0x0000000081e00000,0x00000000827fe198,0x0000000087380000)
 Metaspace       used 26686K, capacity 27044K, committed 27392K, reserved 1071104K
  class space    used 4690K, capacity 4790K, committed 4864K, reserved 1048576K
}

Deoptimization events (10 events):
Event: 1.904 Thread 0x000000000263d800 Uncommon trap: reason=unstable_if action=reinterpret pc=0x0000000002a99168 method=java.util.HashMap.getNode(ILjava/lang/Object;)Ljava/util/HashMap$Node; @ 116
Event: 3.287 Thread 0x000000000263d800 Uncommon trap: reason=unstable_if action=reinterpret pc=0x0000000002ba64d0 method=java.lang.SecurityManager.checkPackageAccess(Ljava/lang/String;)V @ 85
Event: 3.827 Thread 0x000000000263d800 Uncommon trap: reason=unstable_if action=reinterpret pc=0x0000000002c7b1a4 method=scala.reflect.internal.SymbolTable.NoSymbol()Lscala/reflect/internal/Symbols$NoSymbol; @ 9
Event: 3.836 Thread 0x000000000263d800 Uncommon trap: reason=class_check action=maybe_recompile pc=0x0000000002c4e33c method=scala.reflect.runtime.JavaMirrors$JavaMirror$unpickler$.global()Lscala/reflect/internal/SymbolTable; @ 4
Event: 3.836 Thread 0x000000000263d800 Uncommon trap: reason=class_check action=maybe_recompile pc=0x0000000002c4e33c method=scala.reflect.runtime.JavaMirrors$JavaMirror$unpickler$.global()Lscala/reflect/internal/SymbolTable; @ 4
Event: 3.836 Thread 0x000000000263d800 Uncommon trap: reason=class_check action=maybe_recompile pc=0x0000000002c4e33c method=scala.reflect.runtime.JavaMirrors$JavaMirror$unpickler$.global()Lscala/reflect/internal/SymbolTable; @ 4
Event: 3.836 Thread 0x000000000263d800 Uncommon trap: reason=class_check action=maybe_recompile pc=0x0000000002c4e33c method=scala.reflect.runtime.JavaMirrors$JavaMirror$unpickler$.global()Lscala/reflect/internal/SymbolTable; @ 4
Event: 3.842 Thread 0x000000000263d800 Uncommon trap: reason=unstable_if action=reinterpret pc=0x0000000002abe464 method=sun.misc.MetaIndex.mayContain(Ljava/lang/String;)Z @ 38
Event: 3.844 Thread 0x000000000263d800 Uncommon trap: reason=unstable_if action=reinterpret pc=0x00000000029f50bc method=sun.misc.MetaIndex.mayContain(Ljava/lang/String;)Z @ 38
Event: 3.845 Thread 0x000000000263d800 Uncommon trap: reason=unstable_if action=reinterpret pc=0x00000000029d5ee8 method=sun.misc.MetaIndex.mayContain(Ljava/lang/String;)Z @ 38

Internal exceptions (10 events):
Event: 3.111 Thread 0x000000000263d800 Exception <a 'java/lang/ClassNotFoundException': scala/reflect/ScalaSignature> (0x00000000d69ef8a0) thrown at [C:\re\workspace\8-2-build-windows-amd64-cygwin\jdk8u45\3627\hotspot\src\share\vm\classfile\systemDictionary.cpp, line 210]
Event: 3.111 Thread 0x000000000263d800 Exception <a 'java/lang/ClassNotFoundException': scala/reflect/ScalaLongSignature> (0x00000000d69effb8) thrown at [C:\re\workspace\8-2-build-windows-amd64-cygwin\jdk8u45\3627\hotspot\src\share\vm\classfile\systemDictionary.cpp, line 210]
Event: 3.119 Thread 0x000000000263d800 Exception <a 'java/lang/ClassNotFoundException': scala/reflect/ScalaSignature> (0x00000000d6a040d8) thrown at [C:\re\workspace\8-2-build-windows-amd64-cygwin\jdk8u45\3627\hotspot\src\share\vm\classfile\systemDictionary.cpp, line 210]
Event: 3.119 Thread 0x000000000263d800 Exception <a 'java/lang/ClassNotFoundException': scala/reflect/ScalaLongSignature> (0x00000000d6a047f0) thrown at [C:\re\workspace\8-2-build-windows-amd64-cygwin\jdk8u45\3627\hotspot\src\share\vm\classfile\systemDictionary.cpp, line 210]
Event: 3.123 Thread 0x000000000263d800 Exception <a 'java/lang/ClassNotFoundException': scala/reflect/ScalaSignature> (0x00000000d6a13ca0) thrown at [C:\re\workspace\8-2-build-windows-amd64-cygwin\jdk8u45\3627\hotspot\src\share\vm\classfile\systemDictionary.cpp, line 210]
Event: 3.124 Thread 0x000000000263d800 Exception <a 'java/lang/ClassNotFoundException': scala/reflect/ScalaLongSignature> (0x00000000d6a14228) thrown at [C:\re\workspace\8-2-build-windows-amd64-cygwin\jdk8u45\3627\hotspot\src\share\vm\classfile\systemDictionary.cpp, line 210]
Event: 3.125 Thread 0x000000000263d800 Exception <a 'java/lang/ArrayIndexOutOfBoundsException'> (0x00000000d6a190c8) thrown at [C:\re\workspace\8-2-build-windows-amd64-cygwin\jdk8u45\3627\hotspot\src\share\vm\runtime\sharedRuntime.cpp, line 605]
Event: 3.926 Thread 0x000000000263d800 Exception <a 'java/lang/ArrayIndexOutOfBoundsException'> (0x00000000d66cb8c8) thrown at [C:\re\workspace\8-2-build-windows-amd64-cygwin\jdk8u45\3627\hotspot\src\share\vm\runtime\sharedRuntime.cpp, line 605]
Event: 3.975 Thread 0x000000000263d800 Exception <a 'java/lang/ArrayIndexOutOfBoundsException'> (0x00000000d67d9a60) thrown at [C:\re\workspace\8-2-build-windows-amd64-cygwin\jdk8u45\3627\hotspot\src\share\vm\runtime\sharedRuntime.cpp, line 605]
Event: 4.021 Thread 0x000000000263d800 Exception <a 'java/lang/ArrayIndexOutOfBoundsException'> (0x00000000d680f710) thrown at [C:\re\workspace\8-2-build-windows-amd64-cygwin\jdk8u45\3627\hotspot\src\share\vm\runtime\sharedRuntime.cpp, line 605]

Events (10 events):
Event: 3.942 loading class java/util/package
Event: 3.942 loading class java/util/package done
Event: 3.967 loading class java/nio
Event: 3.967 loading class java/nio done
Event: 3.969 loading class java/nio/package
Event: 3.969 loading class java/nio/package done
Event: 3.969 loading class java/nio/charset
Event: 3.969 loading class java/nio/charset done
Event: 3.970 loading class java/nio/charset/package
Event: 3.970 loading class java/nio/charset/package done


Dynamic libraries:
0x00007ff69af30000 - 0x00007ff69af67000 	C:\ProgramData\Oracle\Java\javapath\java.exe
0x00007ff8ebb70000 - 0x00007ff8ebd1c000 	C:\WINDOWS\SYSTEM32\ntdll.dll
0x00007ff8eaa80000 - 0x00007ff8eabbe000 	C:\WINDOWS\system32\KERNEL32.DLL
0x00007ff8e8da0000 - 0x00007ff8e8eb5000 	C:\WINDOWS\system32\KERNELBASE.dll
0x00007ff8e7870000 - 0x00007ff8e78fe000 	C:\WINDOWS\system32\apphelp.dll
0x00007ff8d7f20000 - 0x00007ff8d7f73000 	C:\WINDOWS\AppPatch\AppPatch64\AcGenral.DLL
0x00007ff8eae30000 - 0x00007ff8eaeda000 	C:\WINDOWS\system32\msvcrt.dll
0x00007ff8e8b00000 - 0x00007ff8e8b2e000 	C:\WINDOWS\SYSTEM32\SspiCli.dll
0x00007ff8eb3b0000 - 0x00007ff8eb404000 	C:\WINDOWS\system32\SHLWAPI.dll
0x00007ff8eb640000 - 0x00007ff8eb7b7000 	C:\WINDOWS\system32\USER32.dll
0x00007ff8eb970000 - 0x00007ff8ebb04000 	C:\WINDOWS\system32\ole32.dll
0x00007ff8e9560000 - 0x00007ff8eaa79000 	C:\WINDOWS\system32\SHELL32.dll
0x00007ff8e8270000 - 0x00007ff8e8291000 	C:\WINDOWS\SYSTEM32\USERENV.dll
0x00007ff8ead80000 - 0x00007ff8eae2a000 	C:\WINDOWS\system32\ADVAPI32.dll
0x00007ff8d79f0000 - 0x00007ff8d7a0e000 	C:\WINDOWS\SYSTEM32\MPR.dll
0x00007ff8eb4e0000 - 0x00007ff8eb621000 	C:\WINDOWS\system32\RPCRT4.dll
0x00007ff8eb410000 - 0x00007ff8eb469000 	C:\WINDOWS\SYSTEM32\sechost.dll
0x00007ff8eb070000 - 0x00007ff8eb281000 	C:\WINDOWS\SYSTEM32\combase.dll
0x00007ff8eabc0000 - 0x00007ff8ead10000 	C:\WINDOWS\system32\GDI32.dll
0x00007ff8e8cd0000 - 0x00007ff8e8ce5000 	C:\WINDOWS\SYSTEM32\profapi.dll
0x00007ff8e74e0000 - 0x00007ff8e7592000 	C:\WINDOWS\SYSTEM32\SHCORE.dll
0x00007ff8eb470000 - 0x00007ff8eb4a6000 	C:\WINDOWS\system32\IMM32.DLL
0x00007ff8e93e0000 - 0x00007ff8e9532000 	C:\WINDOWS\system32\MSCTF.dll
0x00007ff8e5540000 - 0x00007ff8e57ba000 	C:\WINDOWS\WinSxS\amd64_microsoft.windows.common-controls_6595b64144ccf1df_6.0.9600.17810_none_6240b9c7ecbd0bda\COMCTL32.dll
0x0000000070fe0000 - 0x00000000710b2000 	C:\Program Files\Java\jre1.8.0_45\bin\msvcr100.dll
0x0000000070750000 - 0x0000000070fd3000 	C:\Program Files\Java\jre1.8.0_45\bin\server\jvm.dll
0x00007ff8df910000 - 0x00007ff8df919000 	C:\WINDOWS\SYSTEM32\WSOCK32.dll
0x00007ff8e6980000 - 0x00007ff8e69a2000 	C:\WINDOWS\SYSTEM32\WINMM.dll
0x00007ff8e6b40000 - 0x00007ff8e6b4a000 	C:\WINDOWS\SYSTEM32\VERSION.dll
0x00007ff8e9540000 - 0x00007ff8e9547000 	C:\WINDOWS\system32\PSAPI.DLL
0x00007ff8ebb10000 - 0x00007ff8ebb6a000 	C:\WINDOWS\system32\WS2_32.dll
0x00007ff8e5510000 - 0x00007ff8e553a000 	C:\WINDOWS\SYSTEM32\WINMMBASE.dll
0x00007ff8eb630000 - 0x00007ff8eb639000 	C:\WINDOWS\system32\NSI.dll
0x00007ff8e8f70000 - 0x00007ff8e8fbf000 	C:\WINDOWS\SYSTEM32\cfgmgr32.dll
0x00007ff8e7af0000 - 0x00007ff8e7b18000 	C:\WINDOWS\SYSTEM32\DEVOBJ.dll
0x0000000070740000 - 0x000000007074f000 	C:\Program Files\Java\jre1.8.0_45\bin\verify.dll
0x0000000070710000 - 0x0000000070739000 	C:\Program Files\Java\jre1.8.0_45\bin\java.dll
0x00000000706f0000 - 0x0000000070706000 	C:\Program Files\Java\jre1.8.0_45\bin\zip.dll
0x00000000706d0000 - 0x00000000706ea000 	C:\Program Files\Java\jre1.8.0_45\bin\net.dll
0x00007ff8e84e0000 - 0x00007ff8e8539000 	C:\WINDOWS\system32\mswsock.dll
0x00000000706b0000 - 0x00000000706c1000 	C:\Program Files\Java\jre1.8.0_45\bin\nio.dll
0x00007ff8e85a0000 - 0x00007ff8e85c0000 	C:\WINDOWS\SYSTEM32\CRYPTSP.dll
0x00007ff8e8160000 - 0x00007ff8e8196000 	C:\WINDOWS\system32\rsaenh.dll
0x00007ff8e87f0000 - 0x00007ff8e8816000 	C:\WINDOWS\SYSTEM32\bcrypt.dll
0x00007ff8e8b30000 - 0x00007ff8e8b93000 	C:\WINDOWS\system32\bcryptprimitives.dll
0x00007ff8e8ba0000 - 0x00007ff8e8bab000 	C:\WINDOWS\SYSTEM32\CRYPTBASE.dll
0x00007ff8e5260000 - 0x00007ff8e528a000 	C:\WINDOWS\SYSTEM32\IPHLPAPI.DLL
0x00007ff8e69b0000 - 0x00007ff8e69ba000 	C:\WINDOWS\SYSTEM32\WINNSI.DLL
0x00007ff8e4f00000 - 0x00007ff8e4f16000 	C:\WINDOWS\SYSTEM32\dhcpcsvc6.DLL
0x00007ff8e50a0000 - 0x00007ff8e50ba000 	C:\WINDOWS\SYSTEM32\dhcpcsvc.DLL
0x00007ff8e6750000 - 0x00007ff8e675a000 	C:\Users\Anup_sust\AppData\Local\Temp\jansi-64-1-1586831014875926368.11
0x00007ff8e67f0000 - 0x00007ff8e6979000 	C:\WINDOWS\SYSTEM32\dbghelp.dll

VM Arguments:
jvm_args: -XX:MetaspaceSize=64M -XX:MaxMetaspaceSize=256M -Dactivator.home=//F:/Projects/University%20Inventory%20Management%20System/invMgmntSys 
java_command: F:\Projects\University Inventory Management System\invMgmntSys\activator-launch-1.3.5.jar run
java_class_path (initial): F:\Projects\University Inventory Management System\invMgmntSys\activator-launch-1.3.5.jar
Launcher Type: SUN_STANDARD

Environment Variables:
PATH=C:\ProgramData\Oracle\Java\javapath;C:\Program Files (x86)\NVIDIA Corporation\PhysX\Common;C:\Program Files (x86)\Intel\iCLS Client\;C:\Program Files\Intel\iCLS Client\;C:\Program Files\Broadcom\Broadcom 802.11 Network Adapter;C:\WINDOWS\system32;C:\WINDOWS;C:\WINDOWS\System32\Wbem;C:\WINDOWS\System32\WindowsPowerShell\v1.0\;C:\Program Files\Intel\Intel(R) Management Engine Components\DAL;C:\Program Files\Intel\Intel(R) Management Engine Components\IPT;C:\Program Files (x86)\Intel\Intel(R) Management Engine Components\DAL;C:\Program Files (x86)\Intel\Intel(R) Management Engine Components\IPT;C:\Program Files\WIDCOMM\Bluetooth Software\;C:\Program Files\WIDCOMM\Bluetooth Software\syswow64;C:\Program Files (x86)\Intel\OpenCL SDK\2.0\bin\x86;C:\Program Files (x86)\Intel\OpenCL SDK\2.0\bin\x64;C:\Program Files\Sony\VAIO Improvement;C:\Program Files (x86)\Sony\VAIO BIOS Data Transfer Utility\;C:\Program Files (x86)\Sony\VAIO Startup Setting Tool;C:\Program Files\Microsoft\Web Platform Installer\;C:\Program Files (x86)\Microsoft ASP.NET\ASP.NET Web Pages\v1.0\;C:\Program Files (x86)\Windows Kits\8.0\Windows Performance Toolkit\;C:\Program Files\Microsoft SQL Server\110\Tools\Binn\;C:\Program Files\nodejs\;C:\Program Files (x86)\Git\cmd;C:\Program Files (x86)\Git\bin;C:\Program Files\Java\jdk1.7.0_51\bin;C:\Program Files (x86)\scala-2.11.0-M4;C:\Program Files (x86)\activator-1.3.5-minimal;C:\Program Files\TortoiseGit\bin;C:\Program Files (x86)\scala\bin;C:\Program Files (x86)\sbt\\bin;C:\Program Files (x86)\Skype\Phone\;C:\Program Files\MongoDB\Server\3.0\bin;C:\Ruby200-x64\bin;C:\Users\Anup_sust\AppData\Roaming\npm
USERNAME=Anup_sust
OS=Windows_NT
PROCESSOR_IDENTIFIER=Intel64 Family 6 Model 58 Stepping 9, GenuineIntel



---------------  S Y S T E M  ---------------

OS: Windows 8.1 , 64 bit Build 9600 (6.3.9600.17415)

CPU:total 4 (2 cores per cpu, 2 threads per core) family 6 model 58 stepping 9, cmov, cx8, fxsr, mmx, sse, sse2, sse3, ssse3, sse4.1, sse4.2, popcnt, avx, aes, clmul, erms, ht, tsc, tscinvbit, tscinv

Memory: 4k page, physical 8264500k(2965512k free), swap 16653108k(9500788k free)

vm_info: Java HotSpot(TM) 64-Bit Server VM (25.45-b02) for windows-amd64 JRE (1.8.0_45-b15), built on Apr 30 2015 12:40:44 by "java_re" with MS VC++ 10.0 (VS2010)

time: Thu Aug 20 23:55:25 2015
elapsed time: 4 seconds (0d 0h 0m 4s)

